=========================================================
truth size = 42
Idx	PID	MIdx	MPID	GenSt	pt	eta	phi
 (WARNING)  TVector3::Pseud... : transvers momentum = 0! return +/- 10e10
2	-4	5	-4	21	0	-1e+11	0
 (WARNING)  TVector3::Pseud... : transvers momentum = 0! return +/- 10e10
3	4	1	2212	21	0	-1e+11	0
 (WARNING)  TVector3::Pseud... : transvers momentum = 0! return +/- 10e10
4	23	2	-4	22	0	-1e+11	0
 (WARNING)  TVector3::Pseud... : transvers momentum = 0! return +/- 10e10
5	-4	0	2212	42	1.79018e-15	1e+11	1.69515
6	23	4	23	44	8.3086	3.64828	-1.50386
7	-4	1	2212	43	8.3086	-2.31794	1.63773
8	23	6	23	44	13.9309	3.13557	-1.7616
9	-4	7	-4	44	8.29606	-2.31311	1.63877
10	4	0	2212	43	6.28081	3.19753	1.03518
11	23	8	23	44	14.7802	3.0787	-1.80132
12	-4	9	-4	44	6.76628	-2.51742	1.98311
13	4	10	4	44	6.27149	3.19571	1.03559
14	-4	12	-4	51	6.33991	-2.63292	1.80552
15	23	11	23	44	15.267	3.04636	-1.81938
16	-4	14	-4	44	6.33948	-2.63281	1.80562
17	4	13	4	44	6.03273	3.23458	1.04415
18	23	15	23	44	15.6765	3.01991	-1.81751
19	-4	16	-4	44	6.33897	-2.63273	1.80566
20	4	17	4	44	5.86383	3.26298	1.03363
21	23	18	23	44	15.6152	3.0236	-1.8171
22	-4	19	-4	44	6.49693	-2.60812	1.78958
23	4	20	4	44	5.86433	3.26305	1.03364
24	23	21	23	62	16.2187	2.98572	-1.81657
25	-4	22	-4	62	6.41901	-2.61997	1.77348
26	4	23	4	62	5.60997	3.30741	1.0227
27	-11	24	23	23	0.601871	6.3384	-2.4287
28	11	24	23	23	15.7299	-0.606387	-1.79458
29	22	28	11	1	38.3148	1.03471	-2.32164
30	11	28	11	1	25.7075	0.523435	0.508213
31	22	28	11	1	0.000595397	0.524242	0.5057
32	-11	27	-11	1	0.349804	6.3384	-2.4287
33	4	26	4	72	5.60997	3.30741	1.0227
34	-4	25	-4	71	6.41901	-2.61997	1.77348
35	-433	1	2212	2	4.8273	-2.69537	1.96002
36	413	0	2212	2	2.36492	3.64988	0.981517
37	2212	0	2212	1	0.703974	4.01984	-0.881647
38	2212	0	2212	1	0.216564	-9.52295	1.70744
39	-431	35	-433	2	4.60009	-2.66508	1.95824
40	421	36	413	2	2.18191	3.64492	0.996345
41	310	39	-431	1	2.87048	-2.33309	2.05257
REle1Pt: 36.8851 REle1Eta: 1.03454 REle1Phi: -2.32292 REle2Pt: 25.9635 REle2Eta: 0.522845 REle2Phi: 0.508169
El1Idx: -1 El1Type: -6 El2Idx: 30 El2Type: 1
PhoIdx1: 29 PhoIdx2: -1
===============================================================
=========================================================
truth size = 49
Idx	PID	MIdx	MPID	GenSt	pt	eta	phi
 (WARNING)  TVector3::Pseud... : transvers momentum = 0! return +/- 10e10
2	-5	5	-5	21	0	-1e+11	0
 (WARNING)  TVector3::Pseud... : transvers momentum = 0! return +/- 10e10
3	5	1	2212	21	0	-1e+11	0
 (WARNING)  TVector3::Pseud... : transvers momentum = 0! return +/- 10e10
4	23	2	-5	22	0	-1e+11	0
 (WARNING)  TVector3::Pseud... : transvers momentum = 0! return +/- 10e10
5	-5	8	-5	42	7.44429e-15	1e+11	-1.87368
6	23	4	23	44	14.0271	-2.95997	1.32091
7	-5	1	2212	43	14.0271	-1.36937	-1.82069
 (WARNING)  TVector3::Pseud... : transvers momentum = 0! return +/- 10e10
8	-5	0	2212	42	2.96698e-14	1e+11	0.155921
9	23	6	23	44	16.3952	-2.81378	1.05938
10	-5	7	-5	44	13.7141	-1.40003	-1.76338
11	23	9	23	44	16.8223	-2.78936	1.16913
12	-5	10	-5	44	13.6037	-1.39301	-1.77867
13	5	0	2212	43	2.11923	4.59797	-0.686476
14	23	11	23	44	17.1156	-2.77322	1.1845
15	-5	12	-5	44	13.5612	-1.39033	-1.78055
16	5	13	5	44	1.46895	4.96463	1.04596
17	23	14	23	62	16.8464	-2.78888	1.12892
18	-5	15	-5	62	13.6427	-1.38493	-1.76883
19	5	16	5	62	1.16133	5.19961	1.23769
20	-11	17	23	23	47.5742	-0.943102	2.38039
21	11	17	23	23	45.2097	-1.38502	-0.399578
22	-11	20	-11	1	19.4919	-0.93371	2.39713
23	11	20	-11	1	26.3771	-0.934474	2.39723
24	-11	20	-11	1	1.74964	-1.20344	1.90578
25	22	20	-11	1	0.0368816	-1.20733	1.90168
26	11	21	11	1	45.0786	-1.38502	-0.399578
27	-1	0	2212	71	7.81475	3.78482	2.17451
28	-2	0	2212	71	8.19782	-2.22895	-0.443919
29	3	0	2212	71	9.31581	-2.52411	2.58519
30	5	19	5	71	1.16133	5.19961	1.23769
31	-513	0	2212	2	1.02874	5.6092	1.31699
32	2	0	2212	71	13.0475	-2.20185	-0.907901
33	21	0	2212	71	15.412	-2.198	-0.811904
34	21	1	2212	71	5.3525	-4.16991	1.67873
35	-5	18	-5	71	13.6427	-1.38493	-1.76883
36	513	0	2212	2	13.0507	-1.41645	-1.77439
37	-3	0	2212	71	6.80337	-2.08677	2.79691
38	2212	0	2212	1	1.27309	3.99	-1.3793
39	1	0	2212	71	7.08875	3.70186	2.10239
40	2212	0	2212	1	0.158158	5.49011	2.51668
41	2212	0	2212	1	0.678667	-3.71113	-3.03724
42	2212	0	2212	1	13.4216	-2.20642	-0.81031
43	-511	31	-513	2	0.991337	5.63557	1.28195
44	511	36	513	2	13.0068	-1.41768	-1.77647
45	-411	44	511	2	3.05489	-1.17576	-2.13662
46	11	45	-411	1	0.200589	-0.619891	-0.204452
47	-12	45	-411	1	0.404547	-1.92975	-2.17397
48	310	45	-411	1	2.72701	-0.946024	-2.19993
REle1Pt: 44.8477 REle1Eta: -0.934212 REle1Phi: 2.39792 REle2Pt: 43.3226 REle2Eta: -1.38491 REle2Phi: -0.399317
El1Idx: 23 El1Type: 4 El2Idx: 26 El2Type: 1
PhoIdx1: -1 PhoIdx2: -1
===============================================================
 ( INFO  )  Feb2018_Sihyuns... : Processing entry 17000/5639662
 ( INFO  )  Feb2018_Sihyuns... : Processing entry 18000/5639662
 ( INFO  )  Feb2018_Sihyuns... : Processing entry 19000/5639662
 ( INFO  )  Feb2018_Sihyuns... : Processing entry 20000/5639662
 ( INFO  )  Feb2018_Sihyuns... : Processing entry 21000/5639662
 ( INFO  )  Feb2018_Sihyuns... : Processing entry 22000/5639662
 ( INFO  )  Feb2018_Sihyuns... : Processing entry 23000/5639662
 ( INFO  )  Feb2018_Sihyuns... : Processing entry 24000/5639662
 ( INFO  )  Feb2018_Sihyuns... : Processing entry 25000/5639662
 ( INFO  )  Feb2018_Sihyuns... : Processing entry 26000/5639662
 ( INFO  )  Feb2018_Sihyuns... : Processing entry 27000/5639662
 ( INFO  )  Feb2018_Sihyuns... : Processing entry 28000/5639662
 ( INFO  )  Feb2018_Sihyuns... : Processing entry 29000/5639662
 ( INFO  )  Feb2018_Sihyuns... : Processing entry 30000/5639662
 ( INFO  )  Feb2018_Sihyuns... : Processing entry 31000/5639662
 ( INFO  )  Feb2018_Sihyuns... : Processing entry 32000/5639662
 ( INFO  )  Feb2018_Sihyuns... : Processing entry 33000/5639662
 ( INFO  )  Feb2018_Sihyuns... : Processing entry 34000/5639662
 ( INFO  )  Feb2018_Sihyuns... : Processing entry 35000/5639662
 ( INFO  )  Feb2018_Sihyuns... : Processing entry 36000/5639662
 ( INFO  )  Feb2018_Sihyuns... : Processing entry 37000/5639662
 ( INFO  )  Feb2018_Sihyuns... : Processing entry 38000/5639662
 ( INFO  )  Feb2018_Sihyuns... : Processing entry 39000/5639662
 ( INFO  )  Feb2018_Sihyuns... : Processing entry 40000/5639662
 ( INFO  )  Feb2018_Sihyuns... : Processing entry 41000/5639662
 ( INFO  )  Feb2018_Sihyuns... : Processing entry 42000/5639662
 ( INFO  )  Feb2018_Sihyuns... : Processing entry 43000/5639662
 ( INFO  )  Feb2018_Sihyuns... : Processing entry 44000/5639662
 ( INFO  )  Feb2018_Sihyuns... : Processing entry 45000/5639662
 ( INFO  )  Feb2018_Sihyuns... : Processing entry 46000/5639662
 ( INFO  )  Feb2018_Sihyuns... : Processing entry 47000/5639662
 ( INFO  )  Feb2018_Sihyuns... : Processing entry 48000/5639662
 ( INFO  )  Feb2018_Sihyuns... : Processing entry 49000/5639662
 ( INFO  )  Feb2018_Sihyuns... : Processing entry 50000/5639662
 ( INFO  )  Feb2018_Sihyuns... : Processing entry 51000/5639662
 ( INFO  )  Feb2018_Sihyuns... : Processing entry 52000/5639662
 ( INFO  )  Feb2018_Sihyuns... : Processing entry 53000/5639662
 ( INFO  )  Feb2018_Sihyuns... : Processing entry 54000/5639662
=========================================================
truth size = 69
Idx	PID	MIdx	MPID	GenSt	pt	eta	phi
 (WARNING)  TVector3::Pseud... : transvers momentum = 0! return +/- 10e10
2	21	0	2212	21	0	-1e+11	0
 (WARNING)  TVector3::Pseud... : transvers momentum = 0! return +/- 10e10
3	1	1	2212	21	0	-1e+11	0
4	23	2	21	22	23.8428	2.2528	3.13086
5	1	2	21	23	23.8428	1.93457	-0.0107368
6	23	4	23	44	18.888	2.54437	3.08458
7	23	6	23	44	17.5569	2.62524	2.89615
8	23	7	23	44	16.7984	2.6722	2.81888
9	23	8	23	44	16.4161	2.69716	2.76817
10	1	5	1	44	29.557	1.77755	0.116607
 (WARNING)  TVector3::Pseud... : transvers momentum = 0! return +/- 10e10
11	4	13	4	31	0	-1e+11	0
12	4	0	2212	33	3.15959	-5.73722	0.0495417
 (WARNING)  TVector3::Pseud... : transvers momentum = 0! return +/- 10e10
13	4	1	2212	42	3.14018e-16	-1e+11	0.785398
14	4	12	4	44	3.15971	-5.73498	0.0495738
15	4	14	4	44	4.38509	-5.4075	-0.362999
16	-4	1	2212	43	1.96062	-4.32109	2.0741
17	4	15	4	51	3.82743	-5.54058	-0.662577
18	4	17	4	44	3.82739	-5.54033	-0.662546
19	-4	16	-4	44	1.96082	-4.32087	2.07398
20	4	18	4	44	2.98233	-5.78983	-0.714321
21	-4	19	-4	44	2.07098	-4.26624	2.10881
22	23	9	23	44	16.964	2.66487	2.75199
23	-4	21	-4	51	0.45657	-5.66215	2.39043
24	4	20	4	52	2.92612	-5.78995	-0.714287
25	4	24	4	52	2.83985	-5.78975	-0.71358
26	23	22	23	44	16.8897	2.66927	2.7535
27	23	26	23	62	14.7927	2.7898	2.66899
28	4	25	4	62	3.08454	-5.70707	-0.155959
29	-4	23	-4	62	0.547198	-5.48108	1.95767
30	22	1	2212	1	0.577307	-3.93768	-1.10045
31	-11	27	23	23	46.8372	0.91706	-2.72268
32	11	27	23	23	39.2683	1.35079	0.716365
33	22	32	11	1	32.7478	1.36806	0.722553
34	11	32	11	1	6.50124	1.26287	0.685965
35	22	32	11	1	0.00725631	1.26259	0.686247
36	-11	31	-11	1	46.8208	0.91706	-2.72268
37	2	1	2212	73	3.3722	-3.10024	3.07899
38	2	0	2212	73	4.97167	-3.09004	3.1288
39	2	0	2212	73	5.78777	-3.07642	-3.09979
40	21	0	2212	73	5.06802	-2.1482	-1.94198
41	-4	29	-4	71	0.547198	-5.48108	1.95767
42	-421	1	2212	2	0.161836	-7.29322	1.47719
43	1	10	1	71	21.9399	1.6961	0.152683
44	4	28	4	71	3.08454	-5.70707	-0.155959
45	411	0	2212	2	2.82512	-5.70593	-0.0650322
46	2	39	2	71	5.78777	-3.07642	-3.09979
47	21	40	21	71	5.06802	-2.1482	-1.94198
48	21	0	2212	71	9.39561	-1.83919	-1.80514
49	-2	0	2212	71	0.205296	-1.30038	1.20759
50	2	0	2212	71	5.69261	-5.02487	1.83922
51	-1	0	2212	71	5.10392	-2.13249	-0.872224
52	1	0	2212	71	5.40381	-4.25464	2.93185
53	21	0	2212	71	7.15377	1.50065	1.50349
54	2212	0	2212	1	2.56851	1.55284	1.76492
55	2	1	2212	71	0.809566	-6.95353	2.73245
56	1	0	2212	71	2.06663	6.99428	-0.713348
57	2	0	2212	71	2.0649	6.42266	0.701058
58	2212	0	2212	1	0.514084	6.92861	-1.58377
59	310	0	2212	1	3.30056	-2.37643	-1.74809
60	2212	0	2212	1	0.844207	7.41694	0.155245
61	2212	0	2212	1	0.316085	-1.99507	1.34193
62	310	0	2212	1	1.13797	0.801542	-0.687662
63	11	0	2212	1	0.0741503	-1.53093	-2.09597
64	-11	0	2212	1	0.0590781	-1.71447	-2.15517
65	11	0	2212	1	0.11751	-3.11284	-1.84062
66	-11	0	2212	1	0.0484691	-2.52291	-1.09844
67	11	0	2212	1	0.230477	-1.32507	0.572321
68	-11	0	2212	1	0.208265	-1.32658	0.561989
REle1Pt: 46.3542 REle1Eta: 0.916941 REle1Phi: -2.7232 REle2Pt: 31.6982 REle2Eta: 1.36904 REle2Phi: 0.724521
El1Idx: 36 El1Type: 1 El2Idx: -1 El2Type: -6
PhoIdx1: -1 PhoIdx2: 33
===============================================================
 ( INFO  )  Feb2018_Sihyuns... : Processing entry 55000/5639662
=========================================================
truth size = 43
Idx	PID	MIdx	MPID	GenSt	pt	eta	phi
 (WARNING)  TVector3::Pseud... : transvers momentum = 0! return +/- 10e10
2	-3	0	2212	21	0	-1e+11	0
 (WARNING)  TVector3::Pseud... : transvers momentum = 0! return +/- 10e10
3	3	1	2212	21	0	-1e+11	0
 (WARNING)  TVector3::Pseud... : transvers momentum = 0! return +/- 10e10
4	23	2	-3	22	0	-1e+11	0
5	23	4	23	44	13.9915	3.80398	2.14173
6	23	5	23	44	13.3074	3.80507	2.68862
7	23	6	23	44	14.1614	3.81708	2.85498
8	23	7	23	44	20.2212	3.47717	2.87436
9	23	8	23	44	24.1853	3.31614	2.9283
10	23	9	23	44	25.4091	3.27324	2.96117
11	23	10	23	44	23.8628	3.33665	3.06637
12	23	11	23	44	23.6095	3.3474	3.10196
13	23	12	23	62	23.5629	3.34894	3.13942
14	-11	13	23	23	41.5963	2.08973	-1.47017
15	11	13	23	23	49.8661	1.93763	2.16075
16	11	15	11	52	49.6811	1.93763	2.16075
17	-11	14	-11	1	8.21413	2.08418	-1.53465
18	11	14	-11	1	25.431	2.08139	-1.53531
19	11	16	11	1	46.2886	1.93763	2.16067
20	22	16	11	1	3.39249	1.93758	2.16182
21	-11	14	-11	1	8.13408	2.11792	-1.20932
22	21	0	2212	73	6.36398	2.46332	-2.29936
23	-3	1	2212	71	11.0509	1.58591	-1.30232
24	-1	1	2212	71	6.80585	-3.25697	0.437115
25	2212	0	2212	1	1.44076	-2.78353	-0.122551
26	3	0	2212	71	4.23114	3.23251	-0.374038
27	21	22	21	71	6.36398	2.46332	-2.29936
28	-2	0	2212	71	0.785378	3.38471	-1.71667
29	21	1	2212	71	6.04457	1.15222	1.13823
30	-1	0	2212	71	5.15266	-4.12923	1.35432
31	2212	0	2212	1	0.428684	-3.27481	-0.154943
32	2212	0	2212	1	0.428524	-5.35824	-0.830646
33	2212	0	2212	1	0.133691	-9.26052	1.42741
34	310	0	2212	1	7.0902	1.61888	-1.29519
35	310	0	2212	1	2.62034	1.71193	-3.10962
36	310	0	2212	1	1.20282	0.249193	0.732071
37	2212	0	2212	1	0.396658	9.01415	-0.878075
38	2212	0	2212	1	0.898757	-4.23426	-2.77512
39	2212	0	2212	1	0.487199	-5.5814	-2.27793
40	2212	0	2212	1	0.881056	4.62591	-2.9842
41	11	0	2212	1	0.0160376	1.5738	-2.89292
42	-11	0	2212	1	0.0343322	3.13718	0.354288
REle1Pt: 53.8392 REle1Eta: 1.93776 REle1Phi: 2.16137 REle2Pt: 32.2144 REle2Eta: 2.08152 REle2Phi: -1.53845
El1Idx: 19 El1Type: 1 El2Idx: 18 El2Type: 4
PhoIdx1: -1 PhoIdx2: -1
===============================================================
 ( INFO  )  Feb2018_Sihyuns... : Processing entry 56000/5639662
=========================================================
truth size = 25
Idx	PID	MIdx	MPID	GenSt	pt	eta	phi
 (WARNING)  TVector3::Pseud... : transvers momentum = 0! return +/- 10e10
2	-2	0	2212	21	0	-1e+11	0
 (WARNING)  TVector3::Pseud... : transvers momentum = 0! return +/- 10e10
3	2	1	2212	21	0	-1e+11	0
4	-11	2	-2	23	40.7513	1.70841	-0.247684
5	11	2	-2	23	40.7513	1.12586	2.89391
6	11	5	11	44	41.0226	1.16594	2.96632
7	-11	4	-11	52	41.7723	1.66963	-0.387681
8	-11	7	-11	1	41.3668	1.64302	-0.39382
9	11	6	11	1	3.8145	1.14936	3.02221
10	11	6	11	1	1.24448	1.20299	2.96514
11	-11	6	11	1	36.7333	1.20464	2.96363
12	22	6	11	1	0.162568	1.2046	2.96367
13	22	7	-11	1	0.097214	1.64308	-0.39378
14	21	0	2212	71	6.29426	5.05112	1.31634
15	2212	0	2212	1	2.24988	5.28968	1.29225
16	2212	0	2212	1	0.614468	-4.66515	-0.992091
17	2212	0	2212	1	0.640465	0.368032	1.8679
18	2212	0	2212	1	0.593502	-1.97215	-1.7061
19	2212	0	2212	1	0.758975	6.03745	-2.1377
20	310	0	2212	1	1.14428	-2.10807	0.706752
21	2212	0	2212	1	0.65444	-6.05891	2.82926
22	2212	0	2212	1	0.512189	7.1252	0.801779
23	2212	0	2212	1	0.26523	-4.38624	3.02011
24	2212	0	2212	1	0.248415	-1.99395	2.75356
REle1Pt: 38.21 REle1Eta: 1.64298 REle1Phi: -0.392351 REle2Pt: 36.4299 REle2Eta: 1.20453 REle2Phi: 2.9638
El1Idx: 8 El1Type: 1 El2Idx: 11 El2Type: 4
PhoIdx1: -1 PhoIdx2: -1
===============================================================
 ( INFO  )  Feb2018_Sihyuns... : Processing entry 57000/5639662
 ( INFO  )  Feb2018_Sihyuns... : Processing entry 58000/5639662
 ( INFO  )  Feb2018_Sihyuns... : Processing entry 59000/5639662
 ( INFO  )  Feb2018_Sihyuns... : Processing entry 60000/5639662
 ( INFO  )  Feb2018_Sihyuns... : Processing entry 61000/5639662
 ( INFO  )  Feb2018_Sihyuns... : Processing entry 62000/5639662
 ( INFO  )  Feb2018_Sihyuns... : Processing entry 63000/5639662
 ( INFO  )  Feb2018_Sihyuns... : Processing entry 64000/5639662
 ( INFO  )  Feb2018_Sihyuns... : Processing entry 65000/5639662
 ( INFO  )  Feb2018_Sihyuns... : Processing entry 66000/5639662
 ( INFO  )  Feb2018_Sihyuns... : Processing entry 67000/5639662
 ( INFO  )  Feb2018_Sihyuns... : Processing entry 68000/5639662
 ( INFO  )  Feb2018_Sihyuns... : Processing entry 69000/5639662
 ( INFO  )  Feb2018_Sihyuns... : Processing entry 70000/5639662
 ( INFO  )  Feb2018_Sihyuns... : Processing entry 71000/5639662
 ( INFO  )  Feb2018_Sihyuns... : Processing entry 72000/5639662
 ( INFO  )  Feb2018_Sihyuns... : Processing entry 73000/5639662
=========================================================
truth size = 35
Idx	PID	MIdx	MPID	GenSt	pt	eta	phi
 (WARNING)  TVector3::Pseud... : transvers momentum = 0! return +/- 10e10
2	-1	0	2212	21	0	-1e+11	0
 (WARNING)  TVector3::Pseud... : transvers momentum = 0! return +/- 10e10
3	1	1	2212	21	0	-1e+11	0
4	23	2	-1	22	102.617	1.31826	1.44509
5	1	2	-1	23	29.9376	2.75788	-2.03144
6	-1	2	-1	23	74.9918	3.82051	-1.56489
7	23	4	23	52	100.59	1.33943	1.44243
8	23	7	23	44	100.871	1.33731	1.44172
9	23	8	23	44	101.058	1.33404	1.43605
10	23	9	23	44	101.08	1.33387	1.43745
11	23	10	23	62	98.9747	1.32981	1.43997
12	-11	11	23	23	97.8461	1.35576	1.63195
13	11	11	23	23	18.8981	-0.169059	0.0246449
14	-11	12	-11	1	53.7882	0.610283	1.87702
15	22	12	-11	1	0.69665	0.610073	1.8775
16	11	13	11	1	7.64169	-0.169059	0.0246449
17	11	12	-11	1	1.44726	1.73706	1.13313
18	22	12	-11	1	5.99492e-06	1.73404	1.13358
19	-11	12	-11	1	49.4048	1.73687	1.12988
20	1	6	-1	71	11.6923	3.74697	-1.95697
21	21	6	-1	71	14.4679	3.75332	-1.82164
22	21	6	-1	71	20.0756	3.79625	-1.80518
23	-1	6	-1	71	12.8658	3.81396	-1.93337
24	21	0	2212	71	5.05165	3.47889	-1.53771
25	2	6	-1	71	10.517	2.97289	0.0380078
26	2212	0	2212	1	1.08021	4.47947	-1.91354
27	2212	0	2212	1	0.398264	7.89193	1.96013
28	1	5	1	71	29.9228	2.78516	-2.03478
29	2	0	2212	71	0.936702	4.48181	-0.717019
30	1	0	2212	71	1.39541	7.22014	-0.161009
31	2212	0	2212	1	0.543477	-3.28376	3.13751
32	310	0	2212	1	1.02273	2.26978	2.79748
33	11	0	2212	1	0.0164293	-5.54911	1.24163
34	-11	0	2212	1	0.0389552	-5.27332	1.36488
REle1Pt: 54.7924 REle1Eta: 0.61007 REle1Phi: 1.87723 REle2Pt: 50.8584 REle2Eta: 1.73717 REle2Phi: 1.13198
El1Idx: 14 El1Type: 1 El2Idx: 17 El2Type: 4
PhoIdx1: -1 PhoIdx2: -1
===============================================================
 ( INFO  )  Feb2018_Sihyuns... : Processing entry 74000/5639662
 ( INFO  )  Feb2018_Sihyuns... : Processing entry 75000/5639662
 ( INFO  )  Feb2018_Sihyuns... : Processing entry 76000/5639662
 ( INFO  )  Feb2018_Sihyuns... : Processing entry 77000/5639662
 ( INFO  )  Feb2018_Sihyuns... : Processing entry 78000/5639662
 ( INFO  )  Feb2018_Sihyuns... : Processing entry 79000/5639662
 ( INFO  )  Feb2018_Sihyuns... : Processing entry 80000/5639662
 ( INFO  )  Feb2018_Sihyuns... : Processing entry 81000/5639662
 ( INFO  )  Feb2018_Sihyuns... : Processing entry 82000/5639662
 ( INFO  )  Feb2018_Sihyuns... : Processing entry 83000/5639662
 ( INFO  )  Feb2018_Sihyuns... : Processing entry 84000/5639662
 ( INFO  )  Feb2018_Sihyuns... : Processing entry 85000/5639662
 ( INFO  )  Feb2018_Sihyuns... : Processing entry 86000/5639662
 ( INFO  )  Feb2018_Sihyuns... : Processing entry 87000/5639662
 ( INFO  )  Feb2018_Sihyuns... : Processing entry 88000/5639662
 ( INFO  )  Feb2018_Sihyuns... : Processing entry 89000/5639662
 ( INFO  )  Feb2018_Sihyuns... : Processing entry 90000/5639662
 ( INFO  )  Feb2018_Sihyuns... : Processing entry 91000/5639662
 ( INFO  )  Feb2018_Sihyuns... : Processing entry 92000/5639662
 ( INFO  )  Feb2018_Sihyuns... : Processing entry 93000/5639662
 ( INFO  )  Feb2018_Sihyuns... : Processing entry 94000/5639662
 ( INFO  )  Feb2018_Sihyuns... : Processing entry 95000/5639662
 ( INFO  )  Feb2018_Sihyuns... : Processing entry 96000/5639662
 ( INFO  )  Feb2018_Sihyuns... : Processing entry 97000/5639662
 ( INFO  )  Feb2018_Sihyuns... : Processing entry 98000/5639662
 ( INFO  )  Feb2018_Sihyuns... : Processing entry 99000/5639662
 ( INFO  )  Feb2018_Sihyuns... : Processing entry 100000/5639662
 ( INFO  )  Feb2018_Sihyuns... : Processing entry 101000/5639662
=========================================================
truth size = 89
Idx	PID	MIdx	MPID	GenSt	pt	eta	phi
 (WARNING)  TVector3::Pseud... : transvers momentum = 0! return +/- 10e10
2	21	0	2212	21	0	-1e+11	0
 (WARNING)  TVector3::Pseud... : transvers momentum = 0! return +/- 10e10
3	2	1	2212	21	0	-1e+11	0
4	23	2	21	22	29.4268	-2.65341	2.94771
5	2	2	21	23	12.4484	-1.47552	2.59592
6	21	2	21	23	30.7365	2.65854	-1.02611
7	21	2	21	23	27.5125	-1.50827	0.540555
8	23	4	23	44	42.9539	-2.28972	3.04981
9	23	8	23	44	42.5988	-2.26914	3.05021
10	21	7	21	44	23.9531	-1.64195	0.606303
11	-5	10	21	51	24.9845	-1.06102	0.435343
12	5	10	21	51	4.30263	-2.46876	2.33279
13	23	9	23	44	42.8843	-2.25372	3.05236
14	-5	11	-5	44	24.8522	-1.04491	0.436503
15	5	12	5	44	4.30898	-2.45741	2.33523
16	23	13	23	44	42.588	-2.24611	3.05274
17	-5	14	-5	44	24.9644	-1.03857	0.433564
18	5	15	5	44	4.2994	-2.44691	2.33349
19	23	16	23	44	42.3034	-2.24944	3.05671
20	2	5	2	44	13.7427	-1.32619	2.67521
21	-5	17	-5	44	25.0384	-1.04109	0.428372
22	5	18	5	44	4.28607	-2.44694	2.3329
23	5	22	5	52	4.18436	-2.44149	2.33725
24	5	23	5	52	3.93996	-2.39583	2.3652
25	-5	21	-5	52	24.5681	-1.04175	0.428696
26	21	6	21	51	0.623457	2.37215	3.09336
27	21	6	21	51	1.84759	1.71001	-2.96019
28	23	19	23	62	42.5168	-2.24429	3.05155
29	-5	25	-5	62	24.5596	-1.04267	0.430775
30	5	24	5	62	3.9719	-2.38775	2.36459
31	21	6	21	62	0.807858	0.829134	3.07743
32	-11	28	23	23	44.4281	-1.41186	-2.08923
33	11	28	23	23	47.0337	-1.60671	2.01776
34	22	33	11	1	41.4069	-1.42078	2.04538
35	22	33	11	1	0.000641422	-1.08407	3.00374
36	11	33	11	1	4.06285	-2.92609	2.397
37	22	33	11	1	0.029974	-2.93817	2.39478
38	-11	32	-11	1	41.1945	-1.41186	-2.08923
39	-2	26	21	73	1.05152	1.11394	3.00135
40	21	6	21	71	0.676598	2.77784	-1.6615
41	21	6	21	71	0.565909	1.81138	-0.154949
42	5	30	5	71	3.9719	-2.38775	2.36459
43	-1	0	2212	71	0.333209	2.34367	2.74748
44	-533	0	2212	2	4.26678	-2.24741	2.21741
45	2	0	2212	71	0.728078	1.17946	-0.348021
46	21	6	21	71	1.06155	0.433062	0.59119
47	21	6	21	71	0.508482	0.689477	-0.821275
48	-2	39	-2	71	1.05152	1.11394	3.00135
49	2	20	2	71	0.835662	-1.70219	1.30938
50	21	20	2	71	13.3145	-1.29131	2.70822
51	-5	29	-5	71	24.5596	-1.04267	0.430775
52	523	49	2	2	21.1182	-1.05329	0.438057
53	2212	0	2212	1	1.67968	5.12065	2.00651
54	2212	0	2212	1	0.723214	-1.56536	2.42682
55	2212	0	2212	1	0.470561	-3.99586	-0.440214
56	21	6	21	71	0.462769	1.3647	1.98471
57	21	6	21	71	0.700687	1.63139	-1.05796
58	21	6	21	71	1.05635	2.3964	-0.826221
59	21	6	21	71	20.8617	2.342	-0.593561
60	21	6	21	71	11.3356	2.20081	-0.716443
61	21	6	21	71	0.636475	1.23556	-0.43805
62	21	6	21	71	1.34598	1.67513	-1.6178
63	21	6	21	71	7.90356	1.66654	-1.30237
64	21	6	21	71	1.58236	1.82031	-0.983193
65	21	1	2212	71	12.4397	-1.39233	0.0891173
66	2212	0	2212	1	0.698009	-0.329491	-2.71537
67	2212	0	2212	1	0.439221	0.731037	-1.93681
68	2212	0	2212	1	0.482754	-1.59442	-3.13022
69	310	1	2212	1	2.56807	-0.72698	0.045227
70	310	0	2212	1	1.061	2.36093	-1.33455
71	-531	44	-533	2	4.21454	-2.2451	2.20849
72	11	0	2212	1	0.0583059	-0.244948	-1.62563
73	-11	0	2212	1	0.0298089	-0.332261	-1.03279
74	521	52	523	2	20.8271	-1.05179	0.437991
75	-16	71	-531	1	0.594212	-1.26918	0.834318
76	15	71	-531	2	2.11196	-2.09383	2.21451
77	435	71	-531	2	2.06671	-2.3053	2.48794
78	-423	74	521	2	6.05566	-1.18008	0.580909
79	16	76	15	1	0.697046	-1.20477	2.97389
80	111	76	15	2	1.63984	-2.00062	1.90558
81	-211	76	15	1	0.0479975	-4.08814	2.61442
82	421	77	435	2	2.10015	-2.09041	2.62459
83	-421	78	-423	2	5.57663	-1.17623	0.5862
84	310	74	521	1	5.8283	-0.95984	0.36881
85	22	80	111	1	1.01019	-2.02785	1.84811
86	22	80	111	1	0.633975	-1.9488	1.99723
87	11	83	-421	1	3.06327	-0.973109	0.52358
88	-12	83	-421	1	0.4771	-1.5948	1.34707
REle1Pt: 43.7392 REle1Eta: -1.42106 REle1Phi: 2.04647 REle2Pt: 39.2738 REle2Eta: -1.41207 REle2Phi: -2.08304
El1Idx: -1 El1Type: -6 El2Idx: 38 El2Type: 1
PhoIdx1: 34 PhoIdx2: -1
===============================================================
 ( INFO  )  Feb2018_Sihyuns... : Processing entry 102000/5639662
 ( INFO  )  Feb2018_Sihyuns... : Processing entry 103000/5639662
 ( INFO  )  Feb2018_Sihyuns... : Processing entry 104000/5639662
 ( INFO  )  Feb2018_Sihyuns... : Processing entry 105000/5639662
 ( INFO  )  Feb2018_Sihyuns... : Processing entry 106000/5639662
 ( INFO  )  Feb2018_Sihyuns... : Processing entry 107000/5639662
 ( INFO  )  Feb2018_Sihyuns... : Processing entry 108000/5639662
 ( INFO  )  Feb2018_Sihyuns... : Processing entry 109000/5639662
 ( INFO  )  Feb2018_Sihyuns... : Processing entry 110000/5639662
 ( INFO  )  Feb2018_Sihyuns... : Processing entry 111000/5639662
 ( INFO  )  Feb2018_Sihyuns... : Processing entry 112000/5639662
 ( INFO  )  Feb2018_Sihyuns... : Processing entry 113000/5639662
 ( INFO  )  Feb2018_Sihyuns... : Processing entry 114000/5639662
 ( INFO  )  Feb2018_Sihyuns... : Processing entry 115000/5639662
 ( INFO  )  Feb2018_Sihyuns... : Processing entry 116000/5639662
 ( INFO  )  Feb2018_Sihyuns... : Processing entry 117000/5639662
=========================================================
truth size = 42
Idx	PID	MIdx	MPID	GenSt	pt	eta	phi
 (WARNING)  TVector3::Pseud... : transvers momentum = 0! return +/- 10e10
2	-1	0	2212	21	0	-1e+11	0
 (WARNING)  TVector3::Pseud... : transvers momentum = 0! return +/- 10e10
3	1	1	2212	21	0	-1e+11	0
 (WARNING)  TVector3::Pseud... : transvers momentum = 0! return +/- 10e10
4	23	2	-1	22	0	-1e+11	0
 (WARNING)  TVector3::Pseud... : transvers momentum = 0! return +/- 10e10
5	-4	7	-4	41	7.94411e-15	-1e+11	2.03444
6	-4	5	-4	43	6.4078	1.42457	2.15765
 (WARNING)  TVector3::Pseud... : transvers momentum = 0! return +/- 10e10
7	-4	10	-4	42	1.44329e-15	-1e+11	1.17601
8	-4	6	-4	44	6.27799	1.482	2.18287
9	-4	8	-4	52	5.28539	1.50406	2.18168
 (WARNING)  TVector3::Pseud... : transvers momentum = 0! return +/- 10e10
10	-4	11	-4	53	2.72364e-15	-1e+11	1.36209
 (WARNING)  TVector3::Pseud... : transvers momentum = 0! return +/- 10e10
11	-4	1	2212	42	2.48253e-16	-1e+11	-1.10715
12	-4	9	-4	44	5.22133	1.52358	2.18063
13	-4	12	-4	44	5.68282	1.59522	2.19075
14	4	1	2212	43	1.13914	0.403269	-0.836923
15	-4	13	-4	51	4.13766	1.53081	2.50129
16	-4	15	-4	51	3.0469	1.71443	2.64962
17	23	4	23	44	0.258913	6.77327	1.45128
18	23	17	23	62	4.36193	3.95049	-2.73712
19	-4	16	-4	62	2.73028	1.65112	2.6656
20	4	14	4	62	1.80977	0.594891	-0.746695
21	-11	18	23	23	41.7309	0.679358	0.0908275
22	11	18	23	23	45.8998	1.3513	-3.02144
23	11	22	11	1	7.805	1.5356	-2.99153
24	22	22	11	1	38.0243	1.31185	-3.02752
25	-11	21	-11	1	41.6563	0.679358	0.0908275
26	-2	0	2212	73	3.27326	3.78692	2.32564
27	2212	0	2212	1	0.0642407	11.1667	1.96986
28	-4	19	-4	71	2.73028	1.65112	2.6656
29	-411	0	2212	2	2.72389	1.6881	2.54763
30	21	0	2212	71	6.26701	2.75913	-1.2963
31	2	0	2212	71	0.503025	3.6395	0.291092
32	-1	1	2212	71	0.954733	-5.69326	1.96362
33	4	20	4	71	1.80977	0.594891	-0.746695
34	423	0	2212	2	3.00109	0.774786	-0.786493
35	2	1	2212	71	0.814581	-6.4415	2.03011
36	-2	26	-2	71	3.27326	3.78692	2.32564
37	11	31	2	1	0.00244525	-8.21834	-1.9223
38	-11	31	2	1	0.00814348	-8.30994	-1.59395
39	421	34	423	2	2.74461	0.788546	-0.780687
40	11	0	2212	1	0.209779	-3.59635	1.34059
41	-11	0	2212	1	0.223262	-3.57072	1.32006
REle1Pt: 42.1453 REle1Eta: 0.679639 REle1Phi: 0.0907984 REle2Pt: 36.9676 REle2Eta: 1.31191 REle2Phi: -3.02562
El1Idx: 25 El1Type: 1 El2Idx: -1 El2Type: -6
PhoIdx1: -1 PhoIdx2: 24
===============================================================
 ( INFO  )  Feb2018_Sihyuns... : Processing entry 118000/5639662
 ( INFO  )  Feb2018_Sihyuns... : Processing entry 119000/5639662
 ( INFO  )  Feb2018_Sihyuns... : Processing entry 120000/5639662
 ( INFO  )  Feb2018_Sihyuns... : Processing entry 121000/5639662
 ( INFO  )  Feb2018_Sihyuns... : Processing entry 122000/5639662
 ( INFO  )  Feb2018_Sihyuns... : Processing entry 123000/5639662
 ( INFO  )  Feb2018_Sihyuns... : Processing entry 124000/5639662
 ( INFO  )  Feb2018_Sihyuns... : Processing entry 125000/5639662
 ( INFO  )  Feb2018_Sihyuns... : Processing entry 126000/5639662
 ( INFO  )  Feb2018_Sihyuns... : Processing entry 127000/5639662
 ( INFO  )  Feb2018_Sihyuns... : Processing entry 128000/5639662
 ( INFO  )  Feb2018_Sihyuns... : Processing entry 129000/5639662
 ( INFO  )  Feb2018_Sihyuns... : Processing entry 130000/5639662
=========================================================
truth size = 33
Idx	PID	MIdx	MPID	GenSt	pt	eta	phi
 (WARNING)  TVector3::Pseud... : transvers momentum = 0! return +/- 10e10
2	1	0	2212	21	0	-1e+11	0
 (WARNING)  TVector3::Pseud... : transvers momentum = 0! return +/- 10e10
3	-1	1	2212	21	0	-1e+11	0
 (WARNING)  TVector3::Pseud... : transvers momentum = 0! return +/- 10e10
4	23	2	1	22	0	-1e+11	0
5	23	4	23	44	1.62821	5.03532	-2.56095
6	23	5	23	44	3.68722	4.23514	-1.92319
7	23	6	23	44	3.34615	4.33276	-1.40994
8	23	7	23	44	4.27089	4.08936	-1.17674
9	23	8	23	44	4.27196	4.0891	-0.991321
10	23	9	23	62	4.41045	4.05743	-0.979855
11	-11	10	23	23	38.3184	0.520047	-1.50771
12	11	10	23	23	34.5797	1.84466	1.5696
13	22	11	-11	1	26.4262	0.677934	-1.55141
14	-11	11	-11	1	11.6443	0.213557	-1.40672
15	22	11	-11	1	0.0123047	0.20972	-1.40878
16	11	12	11	1	34.2587	1.84466	1.5696
17	3	0	2212	73	1.2835	0.390972	-1.03979
18	-3	0	2212	73	1.13831	3.52356	-1.07287
19	-3	1	2212	71	5.43123	-3.5906	0.980915
20	3	17	3	71	1.2835	0.390972	-1.03979
21	-3	18	-3	71	1.13831	3.52356	-1.07287
22	21	0	2212	71	8.59959	-2.6097	-0.353705
23	1	0	2212	71	8.79166	-0.849628	3.06216
24	2212	0	2212	1	0.440047	-3.00071	-1.38789
25	2	1	2212	71	1.04898	-7.81367	2.00037
26	-1	0	2212	71	1.74696	7.62814	2.84844
27	310	0	2212	1	3.26464	2.42667	1.8955
28	2212	0	2212	1	0.391815	7.23221	-1.82804
29	11	25	2	1	0.0562474	3.81868	1.51606
30	-11	25	2	1	0.0244824	3.73895	1.51332
31	11	0	2212	1	0.0740988	1.84215	2.76542
32	-11	0	2212	1	0.0732459	1.52786	-2.79443
REle1Pt: 35.9106 REle1Eta: 1.84505 REle1Phi: 1.56907 REle2Pt: 24.6127 REle2Eta: 0.67737 REle2Phi: -1.55564
El1Idx: 16 El1Type: 1 El2Idx: -1 El2Type: -6
PhoIdx1: -1 PhoIdx2: 13
===============================================================
 ( INFO  )  Feb2018_Sihyuns... : Processing entry 131000/5639662
 ( INFO  )  Feb2018_Sihyuns... : Processing entry 132000/5639662
 ( INFO  )  Feb2018_Sihyuns... : Processing entry 133000/5639662
 ( INFO  )  Feb2018_Sihyuns... : Processing entry 134000/5639662
 ( INFO  )  Feb2018_Sihyuns... : Processing entry 135000/5639662
 ( INFO  )  Feb2018_Sihyuns... : Processing entry 136000/5639662
 ( INFO  )  Feb2018_Sihyuns... : Processing entry 137000/5639662
 ( INFO  )  Feb2018_Sihyuns... : Processing entry 138000/5639662
 ( INFO  )  Feb2018_Sihyuns... : Processing entry 139000/5639662
 ( INFO  )  Feb2018_Sihyuns... : Processing entry 140000/5639662
 ( INFO  )  Feb2018_Sihyuns... : Processing entry 141000/5639662
=========================================================
truth size = 28
Idx	PID	MIdx	MPID	GenSt	pt	eta	phi
 (WARNING)  TVector3::Pseud... : transvers momentum = 0! return +/- 10e10
2	3	0	2212	21	0	-1e+11	0
 (WARNING)  TVector3::Pseud... : transvers momentum = 0! return +/- 10e10
3	-3	1	2212	21	0	-1e+11	0
 (WARNING)  TVector3::Pseud... : transvers momentum = 0! return +/- 10e10
4	23	2	3	22	0	-1e+11	0
5	23	4	23	44	18.0669	-2.60714	-0.878637
6	23	5	23	44	17.2679	-2.65367	-0.842834
7	23	6	23	44	13.4496	-2.88585	-0.900567
8	23	7	23	44	13.6676	-2.86979	-0.901102
9	23	8	23	62	13.5124	-2.88054	-0.910363
10	-11	9	23	23	30.9488	-2.09333	-0.127293
11	11	9	23	23	23.4014	0.152217	-2.84934
12	-11	10	-11	1	3.4428	-3.37349	0.148681
13	22	10	-11	1	26.8364	-1.72998	-0.176093
14	11	11	11	1	22.4906	0.152217	-2.84934
15	-1	0	2212	71	6.01044	4.39371	-2.63021
16	2	0	2212	71	0.428353	-0.386019	-1.30699
17	-2	0	2212	71	0.551681	-2.76483	-2.73529
18	2212	0	2212	1	0.661766	-7.87689	1.97719
19	2212	0	2212	1	0.0840563	3.19149	2.38593
20	3	1	2212	71	10.922	-3.96698	2.18809
21	21	1	2212	71	6.43052	-3.79538	2.14023
22	2212	0	2212	1	0.426366	8.07493	0.118876
23	310	0	2212	1	1.00171	2.0304	0.616857
24	310	0	2212	1	1.02526	-2.0979	1.48415
25	310	0	2212	1	1.86818	1.4984	-0.0219201
26	11	0	2212	1	0.0394414	-0.202426	0.612546
27	-11	0	2212	1	0.0338559	-0.213795	0.60419
REle1Pt: 29.0949 REle1Eta: -1.73 REle1Phi: -0.178035 REle2Pt: 22.5889 REle2Eta: 0.151947 REle2Phi: -2.84911
El1Idx: -1 El1Type: -6 El2Idx: 14 El2Type: 1
PhoIdx1: 13 PhoIdx2: -1
===============================================================
 ( INFO  )  Feb2018_Sihyuns... : Processing entry 142000/5639662
 ( INFO  )  Feb2018_Sihyuns... : Processing entry 143000/5639662
 ( INFO  )  Feb2018_Sihyuns... : Processing entry 144000/5639662
=========================================================
truth size = 35
Idx	PID	MIdx	MPID	GenSt	pt	eta	phi
 (WARNING)  TVector3::Pseud... : transvers momentum = 0! return +/- 10e10
2	4	5	4	21	0	-1e+11	0
 (WARNING)  TVector3::Pseud... : transvers momentum = 0! return +/- 10e10
3	-4	1	2212	21	0	-1e+11	0
 (WARNING)  TVector3::Pseud... : transvers momentum = 0! return +/- 10e10
4	23	2	4	22	0	-1e+11	0
 (WARNING)  TVector3::Pseud... : transvers momentum = 0! return +/- 10e10
5	4	0	2212	42	7.94411e-15	1e+11	-2.03444
6	23	4	23	44	15.6857	0.310151	-2.02217
7	4	1	2212	43	15.6857	-1.93743	1.11942
8	23	6	23	44	16.1024	0.310158	-1.67925
9	4	7	4	44	15.6987	-1.93602	1.11117
10	-4	0	2212	43	5.56931	3.95756	2.78611
11	23	8	23	44	17.3833	0.298254	-1.58131
12	4	9	4	44	15.2274	-1.96721	0.942245
13	-4	10	-4	44	5.56672	3.95645	2.78629
14	23	11	23	44	17.8474	0.295608	-1.59153
15	4	12	4	44	14.6121	-2.0085	0.931806
16	-4	13	-4	44	5.56674	3.9564	2.78641
17	4	15	4	51	12.8223	-1.965	0.953504
18	23	14	23	44	17.8612	0.295522	-1.58975
19	4	17	4	44	12.8293	-1.96446	0.950659
20	-4	16	-4	44	5.56669	3.95639	2.78641
21	23	18	23	62	17.9927	0.296821	-1.56919
22	4	19	4	62	12.5726	-1.98569	0.946776
23	-4	20	-4	62	4.36929	4.19859	2.61324
24	-11	21	23	23	50.3897	-0.232392	-2.01719
25	11	21	23	23	35.0501	0.473803	0.900162
26	11	25	11	1	31.3782	0.473803	0.900162
27	11	24	-11	1	32.4376	0.0522767	-2.2527
28	-11	24	-11	1	4.74151	0.0533311	-2.25213
29	-11	24	-11	1	14.2688	-0.762203	-1.28967
30	4	22	4	71	12.5726	-1.98569	0.946776
31	21	0	2212	71	7.3448	-4.98464	1.89195
32	-4	23	-4	71	4.36929	4.19859	2.61324
33	421	0	2212	2	11.6848	-2.00742	0.946037
34	-431	0	2212	2	3.50884	4.11943	2.60384
REle1Pt: 36.4895 REle1Eta: 0.0518512 REle1Phi: -2.25299 REle2Pt: 31.1645 REle2Eta: 0.473938 REle2Phi: 0.899871
El1Idx: 27 El1Type: 4 El2Idx: 26 El2Type: 1
PhoIdx1: -1 PhoIdx2: -1
===============================================================
 ( INFO  )  Feb2018_Sihyuns... : Processing entry 145000/5639662
 ( INFO  )  Feb2018_Sihyuns... : Processing entry 146000/5639662
 ( INFO  )  Feb2018_Sihyuns... : Processing entry 147000/5639662
 ( INFO  )  Feb2018_Sihyuns... : Processing entry 148000/5639662
 ( INFO  )  Feb2018_Sihyuns... : Processing entry 149000/5639662
 ( INFO  )  Feb2018_Sihyuns... : Processing entry 150000/5639662
 ( INFO  )  Feb2018_Sihyuns... : Processing entry 151000/5639662
 ( INFO  )  Feb2018_Sihyuns... : Processing entry 152000/5639662
 ( INFO  )  Feb2018_Sihyuns... : Processing entry 153000/5639662
 ( INFO  )  Feb2018_Sihyuns... : Processing entry 154000/5639662
 ( INFO  )  Feb2018_Sihyuns... : Processing entry 155000/5639662
 ( INFO  )  Feb2018_Sihyuns... : Processing entry 156000/5639662
 ( INFO  )  Feb2018_Sihyuns... : Processing entry 157000/5639662
 ( INFO  )  Feb2018_Sihyuns... : Processing entry 158000/5639662
 ( INFO  )  Feb2018_Sihyuns... : Processing entry 159000/5639662
 ( INFO  )  Feb2018_Sihyuns... : Processing entry 160000/5639662
 ( INFO  )  Feb2018_Sihyuns... : Processing entry 161000/5639662
 ( INFO  )  Feb2018_Sihyuns... : Processing entry 162000/5639662
 ( INFO  )  Feb2018_Sihyuns... : Processing entry 163000/5639662
 ( INFO  )  Feb2018_Sihyuns... : Processing entry 164000/5639662
 ( INFO  )  Feb2018_Sihyuns... : Processing entry 165000/5639662
 ( INFO  )  Feb2018_Sihyuns... : Processing entry 166000/5639662
 ( INFO  )  Feb2018_Sihyuns... : Processing entry 167000/5639662
 ( INFO  )  Feb2018_Sihyuns... : Processing entry 168000/5639662
 ( INFO  )  Feb2018_Sihyuns... : Processing entry 169000/5639662
=========================================================
truth size = 21
Idx	PID	MIdx	MPID	GenSt	pt	eta	phi
 (WARNING)  TVector3::Pseud... : transvers momentum = 0! return +/- 10e10
2	2	0	2212	21	0	-1e+11	0
 (WARNING)  TVector3::Pseud... : transvers momentum = 0! return +/- 10e10
3	-2	1	2212	21	0	-1e+11	0
 (WARNING)  TVector3::Pseud... : transvers momentum = 0! return +/- 10e10
4	23	2	2	22	0	-1e+11	0
5	23	4	23	44	12.5307	4.39862	2.86386
6	23	5	23	44	18.4723	4.01082	2.77238
7	23	6	23	62	18.6532	4.00087	2.56679
8	-11	7	23	23	53.3564	2.63668	2.79036
9	11	7	23	23	35.4097	2.07501	-0.234179
10	22	8	-11	1	49.2128	2.40919	2.82102
11	22	8	-11	1	0.0621771	4.48515	0.658172
12	-11	8	-11	1	2.16428	4.67276	0.871544
13	22	8	-11	1	0.00241271	4.6725	0.870274
14	11	9	11	1	30.4369	2.07501	-0.234179
15	21	1	2212	71	11.6015	0.116178	-0.579496
16	21	0	2212	71	5.45309	1.67695	-3.06245
17	2212	0	2212	1	2.87933	-3.12191	2.8007
18	2212	0	2212	1	0.482847	5.77594	0.688891
19	2212	0	2212	1	0.495481	2.32461	2.05862
20	2212	0	2212	1	1.01672	3.20708	-0.945495
REle1Pt: 47.8056 REle1Eta: 2.40859 REle1Phi: 2.8201 REle2Pt: 30.6144 REle2Eta: 2.07515 REle2Phi: -0.234
El1Idx: -1 El1Type: -6 El2Idx: 14 El2Type: 1
PhoIdx1: 10 PhoIdx2: -1
===============================================================
 ( INFO  )  Feb2018_Sihyuns... : Processing entry 170000/5639662
 ( INFO  )  Feb2018_Sihyuns... : Processing entry 171000/5639662
 ( INFO  )  Feb2018_Sihyuns... : Processing entry 172000/5639662
 ( INFO  )  Feb2018_Sihyuns... : Processing entry 173000/5639662
 ( INFO  )  Feb2018_Sihyuns... : Processing entry 174000/5639662
 ( INFO  )  Feb2018_Sihyuns... : Processing entry 175000/5639662
 ( INFO  )  Feb2018_Sihyuns... : Processing entry 176000/5639662
 ( INFO  )  Feb2018_Sihyuns... : Processing entry 177000/5639662
 ( INFO  )  Feb2018_Sihyuns... : Processing entry 178000/5639662
 ( INFO  )  Feb2018_Sihyuns... : Processing entry 179000/5639662
 ( INFO  )  Feb2018_Sihyuns... : Processing entry 180000/5639662
 ( INFO  )  Feb2018_Sihyuns... : Processing entry 181000/5639662
 ( INFO  )  Feb2018_Sihyuns... : Processing entry 182000/5639662
 ( INFO  )  Feb2018_Sihyuns... : Processing entry 183000/5639662
 ( INFO  )  Feb2018_Sihyuns... : Processing entry 184000/5639662
 ( INFO  )  Feb2018_Sihyuns... : Processing entry 185000/5639662
 ( INFO  )  Feb2018_Sihyuns... : Processing entry 186000/5639662
 ( INFO  )  Feb2018_Sihyuns... : Processing entry 187000/5639662
 ( INFO  )  Feb2018_Sihyuns... : Processing entry 188000/5639662
 ( INFO  )  Feb2018_Sihyuns... : Processing entry 189000/5639662
 ( INFO  )  Feb2018_Sihyuns... : Processing entry 190000/5639662
 ( INFO  )  Feb2018_Sihyuns... : Processing entry 191000/5639662
 ( INFO  )  Feb2018_Sihyuns... : Processing entry 192000/5639662
 ( INFO  )  Feb2018_Sihyuns... : Processing entry 193000/5639662
 ( INFO  )  Feb2018_Sihyuns... : Processing entry 194000/5639662
 ( INFO  )  Feb2018_Sihyuns... : Processing entry 195000/5639662
 ( INFO  )  Feb2018_Sihyuns... : Processing entry 196000/5639662
 ( INFO  )  Feb2018_Sihyuns... : Processing entry 197000/5639662
 ( INFO  )  Feb2018_Sihyuns... : Processing entry 198000/5639662
 ( INFO  )  Feb2018_Sihyuns... : Processing entry 199000/5639662
 ( INFO  )  Feb2018_Sihyuns... : Processing entry 200000/5639662
 ( INFO  )  Feb2018_Sihyuns... : Processing entry 201000/5639662
 ( INFO  )  Feb2018_Sihyuns... : Processing entry 202000/5639662
 ( INFO  )  Feb2018_Sihyuns... : Processing entry 203000/5639662
 ( INFO  )  Feb2018_Sihyuns... : Processing entry 204000/5639662
 ( INFO  )  Feb2018_Sihyuns... : Processing entry 205000/5639662
=========================================================
truth size = 19
Idx	PID	MIdx	MPID	GenSt	pt	eta	phi
 (WARNING)  TVector3::Pseud... : transvers momentum = 0! return +/- 10e10
2	-3	0	2212	21	0	-1e+11	0
 (WARNING)  TVector3::Pseud... : transvers momentum = 0! return +/- 10e10
3	3	1	2212	21	0	-1e+11	0
 (WARNING)  TVector3::Pseud... : transvers momentum = 0! return +/- 10e10
4	23	2	-3	22	0	-1e+11	0
5	23	4	23	44	5.16682	4.26695	-3.0759
6	23	5	23	44	4.3226	4.44164	3.03885
7	23	6	23	44	3.59366	4.62508	2.82638
8	23	7	23	62	3.33421	4.6994	-2.26335
9	-11	8	23	23	43.8449	1.90895	-0.384998
10	11	8	23	23	44.9666	0.776454	2.82732
11	22	9	-11	1	41.0932	1.84947	-0.0673395
12	11	10	11	52	37.1091	0.776454	2.82732
13	11	12	11	1	37.087	0.776454	2.82732
14	22	12	11	1	0.0220817	0.776553	2.82745
15	-11	9	-11	1	13.7291	1.32496	-2.17835
16	2212	0	2212	1	1.94449	-0.449714	-0.0969839
17	2212	1	2212	1	0.683065	-8.50821	1.73198
18	2212	0	2212	1	0.438007	2.7621	-0.260403
REle1Pt: 36.8935 REle1Eta: 0.776972 REle1Phi: 2.82745 REle2Pt: 35.8028 REle2Eta: 1.84933 REle2Phi: -0.0682243
El1Idx: 13 El1Type: 1 El2Idx: -1 El2Type: -6
PhoIdx1: -1 PhoIdx2: 11
===============================================================
 ( INFO  )  Feb2018_Sihyuns... : Processing entry 206000/5639662
 ( INFO  )  Feb2018_Sihyuns... : Processing entry 207000/5639662
 ( INFO  )  Feb2018_Sihyuns... : Processing entry 208000/5639662
 ( INFO  )  Feb2018_Sihyuns... : Processing entry 209000/5639662
 ( INFO  )  Feb2018_Sihyuns... : Processing entry 210000/5639662
 ( INFO  )  Feb2018_Sihyuns... : Processing entry 211000/5639662
 ( INFO  )  Feb2018_Sihyuns... : Processing entry 212000/5639662
 ( INFO  )  Feb2018_Sihyuns... : Processing entry 213000/5639662
 ( INFO  )  Feb2018_Sihyuns... : Processing entry 214000/5639662
 ( INFO  )  Feb2018_Sihyuns... : Processing entry 215000/5639662
 ( INFO  )  Feb2018_Sihyuns... : Processing entry 216000/5639662
 ( INFO  )  Feb2018_Sihyuns... : Processing entry 217000/5639662
 ( INFO  )  Feb2018_Sihyuns... : Processing entry 218000/5639662
 ( INFO  )  Feb2018_Sihyuns... : Processing entry 219000/5639662
 ( INFO  )  Feb2018_Sihyuns... : Processing entry 220000/5639662
 ( INFO  )  Feb2018_Sihyuns... : Processing entry 221000/5639662
 ( INFO  )  Feb2018_Sihyuns... : Processing entry 222000/5639662
 ( INFO  )  Feb2018_Sihyuns... : Processing entry 223000/5639662
 ( INFO  )  Feb2018_Sihyuns... : Processing entry 224000/5639662
 ( INFO  )  Feb2018_Sihyuns... : Processing entry 225000/5639662
 ( INFO  )  Feb2018_Sihyuns... : Processing entry 226000/5639662
 ( INFO  )  Feb2018_Sihyuns... : Processing entry 227000/5639662
 ( INFO  )  Feb2018_Sihyuns... : Processing entry 228000/5639662
 ( INFO  )  Feb2018_Sihyuns... : Processing entry 229000/5639662
 ( INFO  )  Feb2018_Sihyuns... : Processing entry 230000/5639662
 ( INFO  )  Feb2018_Sihyuns... : Processing entry 231000/5639662
 ( INFO  )  Feb2018_Sihyuns... : Processing entry 232000/5639662
 ( INFO  )  Feb2018_Sihyuns... : Processing entry 233000/5639662
 ( INFO  )  Feb2018_Sihyuns... : Processing entry 234000/5639662
 ( INFO  )  Feb2018_Sihyuns... : Processing entry 235000/5639662
 ( INFO  )  Feb2018_Sihyuns... : Processing entry 236000/5639662
 ( INFO  )  Feb2018_Sihyuns... : Processing entry 237000/5639662
 ( INFO  )  Feb2018_Sihyuns... : Processing entry 238000/5639662
 ( INFO  )  Feb2018_Sihyuns... : Processing entry 239000/5639662
 ( INFO  )  Feb2018_Sihyuns... : Processing entry 240000/5639662
 ( INFO  )  Feb2018_Sihyuns... : Processing entry 241000/5639662
 ( INFO  )  Feb2018_Sihyuns... : Processing entry 242000/5639662
 ( INFO  )  Feb2018_Sihyuns... : Processing entry 243000/5639662
 ( INFO  )  Feb2018_Sihyuns... : Processing entry 244000/5639662
 ( INFO  )  Feb2018_Sihyuns... : Processing entry 245000/5639662
 ( INFO  )  Feb2018_Sihyuns... : Processing entry 246000/5639662
 ( INFO  )  Feb2018_Sihyuns... : Processing entry 247000/5639662
 ( INFO  )  Feb2018_Sihyuns... : Processing entry 248000/5639662
 ( INFO  )  Feb2018_Sihyuns... : Processing entry 249000/5639662
=========================================================
truth size = 24
Idx	PID	MIdx	MPID	GenSt	pt	eta	phi
 (WARNING)  TVector3::Pseud... : transvers momentum = 0! return +/- 10e10
2	21	0	2212	21	0	-1e+11	0
 (WARNING)  TVector3::Pseud... : transvers momentum = 0! return +/- 10e10
3	2	1	2212	21	0	-1e+11	0
4	23	2	21	22	32.4427	-2.14457	1.00246
5	2	2	21	23	32.4427	-0.0754691	-2.13913
6	23	4	23	44	31.7788	-2.15862	1.01741
7	23	6	23	44	31.0884	-2.18445	1.03911
8	2	5	2	44	33.1819	-0.0951028	-2.15548
9	23	7	23	62	30.3215	-2.21252	1.03366
10	-11	9	23	23	26.9543	-0.138364	-0.699607
11	11	9	23	23	43.7074	-1.83301	1.68793
12	11	11	11	1	17.4126	-1.90713	2.19141
13	22	11	11	1	29.1153	-1.68711	1.36736
14	-11	10	-11	1	25.8247	-0.138364	-0.699607
15	2	8	2	71	30.6546	-0.0898019	-2.19968
16	21	0	2212	71	6.06704	2.90614	1.75227
17	310	0	2212	1	2.70656	1.421	-1.94085
18	2212	0	2212	1	0.0729593	6.92458	0.780648
19	2212	0	2212	1	1.20986	6.37089	-0.238642
20	2212	0	2212	1	0.743789	-4.23079	-2.10208
21	2212	0	2212	1	0.524057	2.37157	0.565899
22	310	0	2212	1	1.10296	-2.14118	0.493774
23	310	0	2212	1	7.5759	-0.0517505	-2.20916
REle1Pt: 28.7711 REle1Eta: -1.68704 REle1Phi: 1.36868 REle2Pt: 23.7698 REle2Eta: -0.138301 REle2Phi: -0.699527
El1Idx: -1 El1Type: -6 El2Idx: 14 El2Type: 1
PhoIdx1: 13 PhoIdx2: -1
===============================================================
 ( INFO  )  Feb2018_Sihyuns... : Processing entry 250000/5639662
 ( INFO  )  Feb2018_Sihyuns... : Processing entry 251000/5639662
 ( INFO  )  Feb2018_Sihyuns... : Processing entry 252000/5639662
 ( INFO  )  Feb2018_Sihyuns... : Processing entry 253000/5639662
 ( INFO  )  Feb2018_Sihyuns... : Processing entry 254000/5639662
 ( INFO  )  Feb2018_Sihyuns... : Processing entry 255000/5639662
 ( INFO  )  Feb2018_Sihyuns... : Processing entry 256000/5639662
 ( INFO  )  Feb2018_Sihyuns... : Processing entry 257000/5639662
 ( INFO  )  Feb2018_Sihyuns... : Processing entry 258000/5639662
 ( INFO  )  Feb2018_Sihyuns... : Processing entry 259000/5639662
 ( INFO  )  Feb2018_Sihyuns... : Processing entry 260000/5639662
 ( INFO  )  Feb2018_Sihyuns... : Processing entry 261000/5639662
 ( INFO  )  Feb2018_Sihyuns... : Processing entry 262000/5639662
 ( INFO  )  Feb2018_Sihyuns... : Processing entry 263000/5639662
 ( INFO  )  Feb2018_Sihyuns... : Processing entry 264000/5639662
 ( INFO  )  Feb2018_Sihyuns... : Processing entry 265000/5639662
 ( INFO  )  Feb2018_Sihyuns... : Processing entry 266000/5639662
 ( INFO  )  Feb2018_Sihyuns... : Processing entry 267000/5639662
 ( INFO  )  Feb2018_Sihyuns... : Processing entry 268000/5639662
 ( INFO  )  Feb2018_Sihyuns... : Processing entry 269000/5639662
 ( INFO  )  Feb2018_Sihyuns... : Processing entry 270000/5639662
 ( INFO  )  Feb2018_Sihyuns... : Processing entry 271000/5639662
 ( INFO  )  Feb2018_Sihyuns... : Processing entry 272000/5639662
 ( INFO  )  Feb2018_Sihyuns... : Processing entry 273000/5639662
 ( INFO  )  Feb2018_Sihyuns... : Processing entry 274000/5639662
 ( INFO  )  Feb2018_Sihyuns... : Processing entry 275000/5639662
 ( INFO  )  Feb2018_Sihyuns... : Processing entry 276000/5639662
 ( INFO  )  Feb2018_Sihyuns... : Processing entry 277000/5639662
 ( INFO  )  Feb2018_Sihyuns... : Processing entry 278000/5639662
 ( INFO  )  Feb2018_Sihyuns... : Processing entry 279000/5639662
 ( INFO  )  Feb2018_Sihyuns... : Processing entry 280000/5639662
 ( INFO  )  Feb2018_Sihyuns... : Processing entry 281000/5639662
 ( INFO  )  Feb2018_Sihyuns... : Processing entry 282000/5639662
 ( INFO  )  Feb2018_Sihyuns... : Processing entry 283000/5639662
 ( INFO  )  Feb2018_Sihyuns... : Processing entry 284000/5639662
 ( INFO  )  Feb2018_Sihyuns... : Processing entry 285000/5639662
 ( INFO  )  Feb2018_Sihyuns... : Processing entry 286000/5639662
 ( INFO  )  Feb2018_Sihyuns... : Processing entry 287000/5639662
 ( INFO  )  Feb2018_Sihyuns... : Processing entry 288000/5639662
 ( INFO  )  Feb2018_Sihyuns... : Processing entry 289000/5639662
 ( INFO  )  Feb2018_Sihyuns... : Processing entry 290000/5639662
 ( INFO  )  Feb2018_Sihyuns... : Processing entry 291000/5639662
 ( INFO  )  Feb2018_Sihyuns... : Processing entry 292000/5639662
 ( INFO  )  Feb2018_Sihyuns... : Processing entry 293000/5639662
 ( INFO  )  Feb2018_Sihyuns... : Processing entry 294000/5639662
 ( INFO  )  Feb2018_Sihyuns... : Processing entry 295000/5639662
 ( INFO  )  Feb2018_Sihyuns... : Processing entry 296000/5639662
 ( INFO  )  Feb2018_Sihyuns... : Processing entry 297000/5639662
 ( INFO  )  Feb2018_Sihyuns... : Processing entry 298000/5639662
 ( INFO  )  Feb2018_Sihyuns... : Processing entry 299000/5639662
 ( INFO  )  LQCycleController  : Execute time = 295.74 s
 ( INFO  )  Feb2018_Sihyuns... : In EndCycle
 ( INFO  )  Feb2018_Sihyuns... : Closing output file  /data2/CAT_SKTreeOutput/jbhyun/SKDYJets_trilep_251644_cms.snu.ac.kr/output_tmp/SKDYJets_trilep_cat_v8-0-7_1.root
 ( INFO  )  LQCycleController  : Number of event processed = 300000
 ( INFO  )  LQCycleController  : Number of event skipped = 0
Processing sample DYJets_v8-0-7.39 for the first time
[?1034h%%%%%%%%%%%%%%%%%%%%%%%%%%%%%%%%%%%%%%%%%%%%%%%%%%%%%%%%%%%%%%%%%%%%%%%%%%%%%%
skflag = NULL
%%%%%%%%%%%%%%%%%%%%%%%%%%%%%%%%%%%%%%%%%%%%%%%%%%%%%%%%%%%%%%%%%%%%%%%%%%%%%%
Running : Feb2018_SihyunsProblem
%%%%%%%%%%%%%%%%%%%%%%%%%%%%%%%%%%%%%%%%%%%%%%%%%%%%%%%%%%%%%%%%%%%%%%%%%%%%%%
Using SKTrees as input.

running_batch = False  (default if njobs = 1)
Running standard root interactive job:
Setting ncores to max if sktreemaker
number_of_cores  = 1
Input sample = SKDYJets_trilep
Using CAT v8-0-7 ntuples
Using /data2/Users/jbhyun/cmssw/CATanalyzer/CATanalyzer_13TeV_807/LQRun//txt/datasets_snu_nonsig_CAT_mc_v8-0-7.txt
Running on MC
Input directory= /data2/CatNtuples/v8-0-7/SKTrees/MCTriLep/DYJets/
number_of_files = 208
Splitting job into 1 subjobs
Making tmp working directory to run Job  : /data2/CAT_SKTreeOutput/jbhyun/SKDYJets_trilep_251644_cms.snu.ac.kr/
Making tmp merge dir /data8/DATA/CAT_SKTreeOutput/jbhyun/SKDYJets_trilep_251644_cms.snu.ac.kr/
%%%%%%%%%%%%%%%%%%%%%%%%%%%%%%%%%%%%%%%%%%%%%%%%%%%%%%%%%%%%%%%%%%%%%%%%%%%%%%%%%%%%
Running single job /data2/CAT_SKTreeOutput/jbhyun/SKDYJets_trilep_251644_cms.snu.ac.kr/Job_1/runJob_1.C
Checking Job status:
not doing merge
Log files are sent to  --> /data2/CAT_SKTreeOutput/JobOutPut/jbhyun/LQanalyzer/data/logfiles//SKDYJets_trilep_cat_v8-0-7
All sampless finished: OutFiles SKDYJets_trilep_cat_v8-0-7_1.root -->/data2/Users/jbhyun/cmssw/CATanalyzer/CATanalyzer_13TeV_807/LQAnalysis/Analyzers/Feb2018_SihyunsProblem_SKDYJets_trilep_cat_v8-0-7.root
Using 1 cores: Job time = 305.574985981 s

time 305.574985981
job_time  0
start_running_time 0.0
last_job_time 0
mv /data1/LQAnalyzer_rootfiles_for_analysis/CATAnalyzerStatistics/jbhyun/26753/statlog_timetmp_DYJets26753.txt /data1/LQAnalyzer_rootfiles_for_analysis/CATAnalyzerStatistics/jbhyun/26753/statlog_time_DYJets26753.txt
python /data2/Users/jbhyun/cmssw/CATanalyzer/CATanalyzer_13TeV_807/python/StatFile.py -x 26753 -s DYJets -n 1
