%%%%%%%%%%%%%%%%%%%%%%%%%%%%%%%%%%%%%%%%%%%%%%%%%%%%%%%%%%%%%%%%%%%%%%%%%%%%%%
 ( INFO  )  Feb2018_Sihyuns... : Processing entry 0/1732253
=========================================================
truth size = 31
Idx	PID	MIdx	MPID	GenSt	pt	eta	phi
 (WARNING)  TVector3::Pseud... : transvers momentum = 0! return +/- 10e10
2	-1	0	2212	21	0	-1e+11	0
 (WARNING)  TVector3::Pseud... : transvers momentum = 0! return +/- 10e10
3	1	1	2212	21	0	-1e+11	0
 (WARNING)  TVector3::Pseud... : transvers momentum = 0! return +/- 10e10
4	23	2	-1	22	0	-1e+11	0
5	23	4	23	44	28.4379	-3.12177	3.1221
6	23	5	23	44	28.0224	-3.13661	3.0681
7	23	6	23	44	27.8886	-3.14059	3.07356
8	23	7	23	62	28.0508	-3.13468	3.0584
9	11	8	23	23	9.55173	-2.98638	1.18172
10	-11	8	23	23	47.2463	-1.40626	-2.34877
11	22	8	23	1	27.1945	-2.31778	1.51258
12	11	9	11	1	9.55171	-2.98638	1.18172
13	22	9	11	1	2.97175e-05	-2.5389	0.762789
14	-11	10	-11	1	47.2463	-1.40626	-2.34877
15	2	0	2212	71	5.37769	-5.91459	-2.58557
16	2212	0	2212	1	0.641966	2.61152	2.85413
17	1	0	2212	71	6.94467	-0.116131	-0.553009
18	21	0	2212	71	13.8269	0.0800331	0.150371
19	21	0	2212	71	5.24717	6.18748	-1.12659
20	2212	0	2212	1	0.415281	4.23029	-2.63379
21	1	0	2212	71	0.749787	-3.69186	2.4862
22	2	1	2212	71	0.609303	-9.05679	-2.15887
23	1	0	2212	71	1.95628	4.54669	2.79746
24	2212	0	2212	1	1.22288	-2.77223	0.4269
25	2212	0	2212	1	0.909079	-6.76887	-2.94488
26	2212	0	2212	1	3.07193	-0.305231	-0.475155
27	2212	0	2212	1	0.0970667	3.01575	0.484235
28	310	0	2212	1	1.13157	-2.45305	-0.416476
29	11	0	2212	1	0.19293	-4.13106	0.529654
30	-11	0	2212	1	0.158646	-4.12559	0.561619
REle1Pt: 48.1671 REle1Eta: -1.40649 REle1Phi: -2.34851 REle2Pt: 28.6174 REle2Eta: -2.31763 REle2Phi: 1.51547
El1Idx: 14 El1Type: 1 El2Idx: -1 El2Type: -5
PhoIdx1: -1 PhoIdx2: 11
===============================================================
 ( INFO  )  Feb2018_Sihyuns... : Processing entry 1000/1732253
 ( INFO  )  Feb2018_Sihyuns... : Processing entry 2000/1732253
=========================================================
truth size = 28
Idx	PID	MIdx	MPID	GenSt	pt	eta	phi
 (WARNING)  TVector3::Pseud... : transvers momentum = 0! return +/- 10e10
2	-2	0	2212	21	0	-1e+11	0
 (WARNING)  TVector3::Pseud... : transvers momentum = 0! return +/- 10e10
3	2	1	2212	21	0	-1e+11	0
 (WARNING)  TVector3::Pseud... : transvers momentum = 0! return +/- 10e10
4	23	2	-2	22	3.55271e-15	1e+11	-3.14159
5	23	4	23	44	6.06071	3.55417	-3.00114
6	23	5	23	44	8.91927	3.17951	-2.92069
7	23	6	23	44	7.70777	3.3264	-2.70527
8	23	7	23	44	9.3415	3.13684	-2.75734
9	23	8	23	62	10.159	3.05446	-2.57345
10	11	9	23	23	7.42301	-0.131285	-1.70141
11	-11	9	23	23	25.364	2.08044	0.474534
12	22	9	23	23	31.678	0.265196	-2.83052
13	11	12	22	1	1.63737	0.274976	-2.8284
14	-11	12	22	1	30.0407	0.264661	-2.83064
15	-11	11	-11	1	25.3582	2.08044	0.474513
16	22	11	-11	1	0.00587721	2.07324	0.566373
17	11	10	11	1	7.42287	-0.131285	-1.70141
18	2212	0	2212	1	1.47298	-0.184247	0.0303326
19	2	0	2212	71	6.11568	1.74232	-2.92366
20	2212	0	2212	1	2.35973	1.88501	-2.85319
21	2	0	2212	71	7.94177	3.84469	-1.83783
22	21	0	2212	71	5.85198	3.60898	1.44547
23	2212	0	2212	1	1.68754	3.80194	1.35851
24	21	0	2212	71	5.84647	0.471018	-0.819775
25	21	0	2212	71	5.05662	3.66835	0.291989
26	2212	1	2212	1	0.899209	-7.34586	2.40894
27	2212	0	2212	1	0.639649	7.95795	0.91322
REle1Pt: 29.7406 REle1Eta: 0.265014 REle1Phi: -2.82999 REle2Pt: 24.8346 REle2Eta: 2.08032 REle2Phi: 0.474219
El1Idx: 14 El1Type: 5 El2Idx: 15 El2Type: 1
PhoIdx1: -1 PhoIdx2: -1
===============================================================
 ( INFO  )  Feb2018_Sihyuns... : Processing entry 3000/1732253
 ( INFO  )  Feb2018_Sihyuns... : Processing entry 4000/1732253
=========================================================
truth size = 80
Idx	PID	MIdx	MPID	GenSt	pt	eta	phi
 (WARNING)  TVector3::Pseud... : transvers momentum = 0! return +/- 10e10
2	-3	0	2212	21	0	-1e+11	0
 (WARNING)  TVector3::Pseud... : transvers momentum = 0! return +/- 10e10
3	3	1	2212	21	0	-1e+11	0
 (WARNING)  TVector3::Pseud... : transvers momentum = 0! return +/- 10e10
4	23	2	-3	22	5.0243e-15	-1e+11	-0.785398
5	23	4	23	44	11.7307	-2.33394	1.48876
 (WARNING)  TVector3::Pseud... : transvers momentum = 0! return +/- 10e10
6	4	8	4	41	5.0243e-15	-1e+11	-0.785398
7	4	6	4	43	6.51024	-4.50315	-0.421859
 (WARNING)  TVector3::Pseud... : transvers momentum = 0! return +/- 10e10
8	4	1	2212	42	1.33487e-15	-1e+11	-1.50838
9	4	7	4	44	6.53393	-4.49371	-0.428576
10	4	9	4	44	8.98349	-4.17955	-1.04575
11	-4	1	2212	43	6.11583	-5.77751	1.29345
12	23	5	23	44	12.0485	-2.30859	1.38593
 (WARNING)  TVector3::Pseud... : transvers momentum = 0! return +/- 10e10
13	-4	0	2212	31	0	-1e+11	0
14	-4	1	2212	33	2.86361	-0.425174	1.81087
15	-4	14	-4	44	2.20458	-0.0762241	1.87937
16	4	0	2212	43	0.783462	-1.17727	1.58749
17	4	10	4	44	8.99455	-4.18059	-1.04585
18	-4	11	-4	44	6.11465	-5.77721	1.29328
19	-4	15	-4	44	2.7365	-0.22763	2.18371
20	4	16	4	44	0.898219	-1.11009	1.95509
21	4	17	4	44	9.00152	-4.18129	-1.04609
22	-4	18	-4	44	6.11374	-5.77705	1.2932
23	23	12	23	44	12.9165	-2.24247	1.39824
24	4	21	4	51	8.26001	-4.15094	-1.13272
25	23	23	23	44	12.9173	-2.24233	1.46182
26	-4	19	-4	44	2.70577	-0.217265	2.17486
27	4	20	4	44	0.889483	-1.11089	1.9429
28	23	25	23	62	10.6724	-2.42077	1.4106
29	4	24	4	62	8.41861	-4.13196	-1.10308
30	-4	22	-4	62	6.38419	-5.73375	1.12153
31	-4	26	-4	62	2.66258	-0.257333	2.17537
32	4	27	4	62	0.809659	-1.22093	2.05983
33	11	28	23	23	10.1079	-0.587634	2.18449
34	-11	28	23	23	38.4603	-1.03547	-0.70884
35	22	28	23	23	34.863	-0.170194	2.24164
36	-11	35	22	1	23.6806	-0.170891	2.26472
37	11	35	22	1	11.4274	-0.177223	2.19268
38	22	34	-11	1	0.0285237	-1.17008	-1.079
39	-11	34	-11	1	38.3604	-1.03536	-0.708564
40	22	34	-11	1	0.0722592	-1.0354	-0.708487
41	11	33	11	1	9.8815	-0.587634	2.18449
42	-1	0	2212	73	3.71871	2.39628	-2.14847
43	21	0	2212	73	5.11662	-1.67955	2.92062
44	1	0	2212	73	2.80486	-0.87564	-0.604978
45	21	0	2212	73	13.4235	-1.45207	2.62404
46	-4	31	-4	71	2.66258	-0.257333	2.17537
47	-413	0	2212	2	3.77262	-0.191825	2.34474
48	21	0	2212	71	6.1294	-0.789485	-0.820183
49	4	32	4	71	0.809659	-1.22093	2.05983
50	-1	42	-1	71	3.71871	2.39628	-2.14847
51	411	0	2212	2	1.36658	-0.705649	1.13449
52	-2	0	2212	71	10.3516	3.29704	0.939241
53	21	0	2212	71	5.79983	-3.56973	2.80254
54	-3	1	2212	71	5.91619	-3.42353	-0.929201
55	21	1	2212	71	5.03874	-2.95104	0.657991
56	2212	0	2212	1	0.969217	-2.64641	0.930795
57	1	44	1	71	2.80486	-0.87564	-0.604978
58	21	45	21	71	13.4235	-1.45207	2.62404
59	21	43	21	71	5.11662	-1.67955	2.92062
60	-4	30	-4	71	6.38419	-5.73375	1.12153
61	2212	0	2212	1	0.911499	-1.79361	-2.11567
62	-423	0	2212	2	5.82298	-5.76534	1.08204
63	4	29	4	71	8.41861	-4.13196	-1.10308
64	431	0	2212	2	4.45164	-4.25597	-0.950979
65	2212	0	2212	1	1.66582	-5.22275	-0.69647
66	2	0	2212	71	7.51267	-3.04247	-2.90406
67	2212	0	2212	1	0.344344	8.47266	1.66349
68	2212	0	2212	1	1.80715	1.09929	1.73073
69	2212	0	2212	1	1.00808	3.49445	-0.16472
70	310	0	2212	1	2.55439	1.68438	-2.9313
71	-421	47	-413	2	3.52721	-0.192381	2.35528
72	-11	51	411	1	1.01505	-0.0994988	1.7675
73	12	51	411	1	0.104768	0.769844	1.42436
74	310	0	2212	1	1.08062	-0.825547	-0.295957
75	-421	62	-423	2	5.24742	-5.7637	1.10508
76	11	0	2212	1	0.341946	1.31159	1.53513
77	-11	0	2212	1	0.0452858	1.36519	1.59226
78	11	0	2212	1	0.119349	-3.79361	1.29446
79	-11	0	2212	1	0.20535	-3.79218	1.30591
REle1Pt: 37.2045 REle1Eta: -1.03567 REle1Phi: -0.708984 REle2Pt: 34.8393 REle2Eta: -0.170882 REle2Phi: 2.26466
El1Idx: 39 El1Type: 1 El2Idx: 36 El2Type: 5
PhoIdx1: -1 PhoIdx2: -1
===============================================================
=========================================================
truth size = 47
Idx	PID	MIdx	MPID	GenSt	pt	eta	phi
 (WARNING)  TVector3::Pseud... : transvers momentum = 0! return +/- 10e10
2	-1	0	2212	21	0	-1e+11	0
 (WARNING)  TVector3::Pseud... : transvers momentum = 0! return +/- 10e10
3	1	1	2212	21	0	-1e+11	0
4	23	2	-1	22	48.7274	-3.62158	0.412892
5	22	2	-1	23	48.7274	-2.5666	-2.7287
6	23	4	23	44	55.9046	-3.29882	0.520035
7	23	6	23	44	61.5731	-3.1337	0.610209
8	23	7	23	44	67.0687	-3.10124	0.576488
9	23	8	23	44	69.1523	-3.07837	0.599971
10	23	9	23	44	72.8218	-3.02689	0.604564
 (WARNING)  TVector3::Pseud... : transvers momentum = 0! return +/- 10e10
11	4	1	2212	31	0	-1e+11	0
12	4	0	2212	33	4.76422	0.860886	0.573067
13	4	12	4	44	4.81297	0.820992	1.06188
14	-4	1	2212	43	2.50546	0.355354	-0.773732
15	23	10	23	44	72.8563	-3.02677	0.605169
16	4	13	4	44	4.44104	0.748673	1.15244
17	-4	14	-4	44	2.28253	0.28285	-0.97329
18	4	16	4	44	4.47017	0.742462	1.138
19	-4	17	-4	44	2.29699	0.277427	-0.964107
20	4	18	4	44	4.52327	0.752684	1.13236
21	-4	19	-4	44	2.2931	0.276156	-0.940144
22	4	20	4	51	4.98422	0.848232	1.11354
23	23	15	23	62	73.3026	-3.02073	0.596392
24	22	5	22	1	37.4618	-1.98521	-2.92387
25	4	22	4	62	4.98372	0.847672	1.11328
26	-4	21	-4	62	2.29506	0.277012	-0.940334
27	11	23	23	23	36.6789	-1.62385	-0.120038
28	-11	23	23	23	51.6071	-3.24382	1.08199
29	11	27	11	1	37.817	-1.66181	-0.0531042
30	22	27	11	1	1.44371	-2.63105	-2.10876
31	-11	28	-11	1	50.3099	-3.24382	1.08199
32	-3	0	2212	71	10.1155	3.15485	2.83788
33	21	0	2212	71	8.39876	-3.2719	-2.00865
34	-4	26	-4	71	2.29506	0.277012	-0.940334
35	2212	0	2212	1	0.924071	-3.47594	-1.85252
36	-411	0	2212	2	1.93521	-0.197552	-0.832611
37	-2	0	2212	71	5.1214	-2.76965	-1.33517
38	2212	0	2212	1	0.840966	2.36797	-2.35656
39	4	25	4	71	4.98372	0.847672	1.11328
40	413	0	2212	2	4.55159	0.700732	1.29944
41	2212	0	2212	1	0.380097	6.57596	1.38317
42	2212	0	2212	1	0.7036	8.78986	2.52767
43	3	0	2212	71	5.05108	1.59232	-1.30183
44	2212	0	2212	1	0.692953	-2.78565	-0.894049
45	310	0	2212	1	1.52234	1.43916	-1.29226
46	421	40	413	2	4.13937	0.703554	1.2947
REle1Pt: 38.3554 REle1Eta: -1.66205 REle1Phi: -0.0530334 REle2Pt: 34.7076 REle2Eta: -1.98535 REle2Phi: -2.92693
El1Idx: 29 El1Type: 1 El2Idx: -1 El2Type: -5
PhoIdx1: -1 PhoIdx2: 24
===============================================================
=========================================================
truth size = 31
Idx	PID	MIdx	MPID	GenSt	pt	eta	phi
 (WARNING)  TVector3::Pseud... : transvers momentum = 0! return +/- 10e10
2	2	0	2212	21	0	-1e+11	0
 (WARNING)  TVector3::Pseud... : transvers momentum = 0! return +/- 10e10
3	-2	1	2212	21	0	-1e+11	0
 (WARNING)  TVector3::Pseud... : transvers momentum = 0! return +/- 10e10
4	23	2	2	22	0	-1e+11	0
5	23	4	23	44	4.09109	3.58745	-2.44825
6	23	5	23	44	6.411	3.14165	-2.91775
7	23	6	23	44	7.89822	2.93569	3.01814
8	23	7	23	62	6.22845	3.16861	-3.13623
9	11	8	23	23	41.0081	0.160234	-2.02982
10	-11	8	23	23	17.0169	1.59351	1.08535
11	22	8	23	23	22.045	1.03654	1.38829
12	-11	11	22	1	6.13902	1.03647	1.38824
13	11	11	22	1	15.906	1.03656	1.38831
14	22	9	11	1	0.00138565	0.239071	-1.98943
15	-11	10	-11	52	17.0169	1.59351	1.08535
16	22	15	-11	1	0.0616662	1.59249	1.08671
17	-11	15	-11	1	16.9526	1.59351	1.08535
18	22	15	-11	1	0.00266088	1.59584	1.08469
19	11	9	11	1	41.0067	0.160231	-2.02982
20	2	1	2212	71	3.87056	-2.95757	-0.314853
21	21	0	2212	71	6.27965	2.03365	-0.121977
22	2103	0	2212	71	0.912986	9.39033	2.51461
23	223	0	2212	2	0.24118	3.04591	-2.19977
24	2212	1	2212	1	0.339998	-9.94905	2.13825
25	2212	0	2212	1	0.354835	3.3013	-0.404096
26	2212	0	2212	1	0.342421	4.83942	-0.459357
27	2212	0	2212	1	0.5637	-1.67888	-1.63357
28	310	0	2212	1	1.12289	-0.226869	0.957842
29	13	23	223	1	0.172279	3.09366	-1.27853
30	-13	23	223	1	0.0622735	2.35431	-0.996382
REle1Pt: 40.9914 REle1Eta: 0.159372 REle1Phi: -2.0307 REle2Pt: 20.0246 REle2Eta: 1.03619 REle2Phi: 1.39019
El1Idx: 19 El1Type: 1 El2Idx: 13 El2Type: 5
PhoIdx1: -1 PhoIdx2: -1
===============================================================
 ( INFO  )  Feb2018_Sihyuns... : Processing entry 5000/1732253
=========================================================
truth size = 36
Idx	PID	MIdx	MPID	GenSt	pt	eta	phi
 (WARNING)  TVector3::Pseud... : transvers momentum = 0! return +/- 10e10
2	-1	0	2212	21	0	-1e+11	0
 (WARNING)  TVector3::Pseud... : transvers momentum = 0! return +/- 10e10
3	1	1	2212	21	0	-1e+11	0
 (WARNING)  TVector3::Pseud... : transvers momentum = 0! return +/- 10e10
4	23	2	-1	22	7.94411e-15	-1e+11	0.463648
5	23	4	23	44	14.6076	-1.45735	1.64633
6	23	5	23	44	23.4586	-1.035	1.57131
7	23	6	23	44	23.8592	-1.02499	1.56041
8	23	7	23	44	23.9981	-1.02165	1.56056
9	23	8	23	44	23.3027	-1.04809	1.58079
10	23	9	23	62	22.1101	-1.09476	1.52232
11	11	10	23	23	47.1886	-0.79385	0.839606
12	-11	10	23	23	6.86917	0.158375	-2.47912
13	22	10	23	23	26.5309	0.40671	-2.80281
14	22	12	-11	1	1.01851	0.133931	-2.48361
15	11	11	11	1	47.1885	-0.79385	0.839606
16	-11	13	22	1	0.0969239	0.391546	-2.80641
17	11	13	22	1	26.4341	0.406764	-2.8028
18	-11	12	-11	1	5.85037	0.162603	-2.47834
19	21	0	2212	73	5.08073	3.27892	0.889793
20	3	0	2212	71	0.759194	3.29235	-0.0751002
21	21	19	21	71	5.08073	3.27892	0.889793
22	-1	0	2212	71	3.3188	0.936799	-1.88311
23	2212	0	2212	1	0.950609	7.60989	0.0681614
24	2212	0	2212	1	0.205977	3.6552	-0.941176
25	2	0	2212	71	9.39209	-3.69918	-1.76971
26	2212	0	2212	1	0.136625	2.17333	1.44122
27	2212	0	2212	1	1.10709	1.29172	-0.539051
28	21	0	2212	71	9.78308	0.0139222	2.80907
29	-1	0	2212	71	9.8218	-1.61804	-1.60234
30	1	0	2212	71	9.86714	3.42997	-1.38617
31	2212	1	2212	1	0.33941	-8.8702	1.56731
32	310	0	2212	1	1.06252	2.08302	0.758085
33	2212	0	2212	1	0.828678	-0.0987876	-0.301183
34	11	0	2212	1	0.116737	3.76183	1.09093
35	-11	0	2212	1	2.91018	3.75716	1.09601
REle1Pt: 46.7159 REle1Eta: -0.793828 REle1Phi: 0.839728 REle2Pt: 27.2595 REle2Eta: 0.406582 REle2Phi: -2.80257
El1Idx: 15 El1Type: 1 El2Idx: 17 El2Type: 5
PhoIdx1: -1 PhoIdx2: -1
===============================================================
 ( INFO  )  Feb2018_Sihyuns... : Processing entry 6000/1732253
=========================================================
truth size = 23
Idx	PID	MIdx	MPID	GenSt	pt	eta	phi
 (WARNING)  TVector3::Pseud... : transvers momentum = 0! return +/- 10e10
2	-1	0	2212	21	0	-1e+11	0
 (WARNING)  TVector3::Pseud... : transvers momentum = 0! return +/- 10e10
3	1	1	2212	21	0	-1e+11	0
 (WARNING)  TVector3::Pseud... : transvers momentum = 0! return +/- 10e10
4	23	2	-1	22	7.10543e-15	-1e+11	1.5708
5	23	4	23	44	7.92579	-2.64863	-1.79243
6	23	5	23	44	11.8526	-2.2545	-1.9886
7	23	6	23	62	15.039	-2.0195	-2.04027
8	11	7	23	23	37.9435	-0.850765	1.62721
9	-11	7	23	23	6.05155	-0.421945	-1.75061
10	22	7	23	23	45.4823	-0.359587	-1.64963
11	22	10	22	1	23.2946	-0.359967	-1.65337
12	11	8	11	1	36.2391	-0.850766	1.62721
13	22	8	11	1	1.70435	-0.850745	1.62735
14	-11	9	-11	1	5.48902	-0.421945	-1.75061
15	22	10	22	1	0.0033646	-0.357487	-1.63085
16	11	10	22	1	20.2586	-0.361322	-1.65461
17	22	10	22	1	0.0267993	-0.361768	-1.65447
18	-11	10	22	1	2.46255	-0.355959	-1.59633
19	21	0	2212	71	8.03094	2.0417	1.08873
20	2212	0	2212	1	1.25861	1.89449	1.42143
21	2212	0	2212	1	0.492394	-3.98981	-0.935545
22	310	0	2212	1	1.08671	1.5773	1.20254
REle1Pt: 45.2153 REle1Eta: -0.361349 REle1Phi: -1.65456 REle2Pt: 38.3056 REle2Eta: -0.851037 REle2Phi: 1.62697
El1Idx: 16 El1Type: 5 El2Idx: 12 El2Type: 1
PhoIdx1: -1 PhoIdx2: -1
===============================================================
 ( INFO  )  Feb2018_Sihyuns... : Processing entry 7000/1732253
 ( INFO  )  Feb2018_Sihyuns... : Processing entry 8000/1732253
=========================================================
truth size = 24
Idx	PID	MIdx	MPID	GenSt	pt	eta	phi
 (WARNING)  TVector3::Pseud... : transvers momentum = 0! return +/- 10e10
2	-2	0	2212	21	0	-1e+11	0
 (WARNING)  TVector3::Pseud... : transvers momentum = 0! return +/- 10e10
3	21	1	2212	21	0	-1e+11	0
4	23	2	-2	22	41.6425	2.84556	0.0325318
5	22	2	-2	23	36.5488	0.714296	-3.08448
6	-2	2	-2	23	5.18313	0.928898	2.99995
7	23	4	23	44	41.1382	2.86141	0.0101032
8	23	7	23	44	41.3619	2.85806	0.00436383
9	23	8	23	44	41.3374	2.85841	0.00534428
10	23	9	23	62	42.5292	2.83082	0.00874677
11	22	5	22	1	36.0862	0.708207	-3.07636
12	11	10	23	23	52.0817	1.63007	0.65198
13	-11	10	23	23	31.2496	2.70052	-1.53467
14	11	12	11	1	42.0176	1.62878	0.65378
15	22	12	11	1	10.0643	1.63547	0.644448
16	-11	13	-11	1	31.2494	2.70052	-1.53467
17	-2	6	-2	71	5.11986	0.925257	3.00528
18	2212	0	2212	1	3.48611	0.0246081	2.63979
19	2212	0	2212	1	0.444456	-8.63777	1.73793
20	2212	0	2212	1	0.609948	2.55392	-2.94268
21	2212	0	2212	1	1.18311	-3.07942	-0.342773
22	2212	0	2212	1	0.858158	-1.4345	1.71504
23	2212	0	2212	1	0.406446	2.46993	-0.191392
REle1Pt: 49.3478 REle1Eta: 1.63079 REle1Phi: 0.653004 REle2Pt: 34.9057 REle2Eta: 0.708314 REle2Phi: -3.07803
El1Idx: 14 El1Type: 1 El2Idx: -1 El2Type: -5
PhoIdx1: -1 PhoIdx2: 11
===============================================================
 ( INFO  )  Feb2018_Sihyuns... : Processing entry 9000/1732253
 ( INFO  )  Feb2018_Sihyuns... : Processing entry 10000/1732253
=========================================================
truth size = 48
Idx	PID	MIdx	MPID	GenSt	pt	eta	phi
 (WARNING)  TVector3::Pseud... : transvers momentum = 0! return +/- 10e10
2	5	5	5	21	0	-1e+11	0
 (WARNING)  TVector3::Pseud... : transvers momentum = 0! return +/- 10e10
3	-5	1	2212	21	0	-1e+11	0
 (WARNING)  TVector3::Pseud... : transvers momentum = 0! return +/- 10e10
4	23	2	5	22	0	-1e+11	0
 (WARNING)  TVector3::Pseud... : transvers momentum = 0! return +/- 10e10
5	5	8	5	42	3.21283e-14	1e+11	-0.863669
6	23	4	23	44	8.1202	-4.02472	2.30344
7	5	1	2212	43	8.1202	-2.77064	-0.838149
 (WARNING)  TVector3::Pseud... : transvers momentum = 0! return +/- 10e10
8	5	0	2212	41	2.67377e-15	1e+11	-1.48766
9	23	6	23	44	4.83796	-4.51761	-2.58187
10	5	7	5	44	8.40563	-2.76982	-0.860198
11	23	9	23	44	8.09762	-4.00007	-2.10119
12	5	10	5	44	8.53662	-2.77044	-0.87331
13	-5	0	2212	43	7.75907	1.33315	1.57155
14	23	11	23	44	8.23143	-3.98859	-2.66604
15	5	12	5	44	7.19262	-2.9463	-0.889945
16	-5	13	-5	44	7.77841	1.32969	1.57404
17	23	14	23	44	8.63735	-3.94089	-2.80961
18	5	15	5	44	6.81463	-3.00069	-0.89249
19	-5	16	-5	44	7.78415	1.32964	1.57469
20	23	17	23	44	8.36157	-3.97272	-2.8249
21	5	18	5	44	6.81389	-3.00064	-0.891236
22	-5	19	-5	44	8.14435	1.28457	1.52929
23	-5	22	-5	51	8.6151	1.31969	1.53375
24	5	21	5	52	6.62267	-3.03671	-0.884032
25	-5	23	-5	52	8.44368	1.32826	1.53371
26	-5	25	-5	52	8.08896	1.34941	1.53425
27	23	20	23	62	8.48126	-3.95851	-2.78868
28	5	24	5	62	6.69553	-3.02579	-0.893666
29	-5	26	-5	62	8.08128	1.34999	1.53418
30	11	27	23	23	13.3204	-1.69131	2.7419
31	-11	27	23	23	40.8256	-1.32218	-0.547042
32	22	27	23	1	33.254	-1.96238	2.73599
33	11	30	11	1	5.0205	-1.69111	2.74231
34	22	30	11	1	8.29988	-1.69143	2.74165
35	-11	31	-11	1	40.8256	-1.32218	-0.547042
36	-5	22	-5	73	8.6331	1.38326	1.57211
37	5	28	5	71	6.69553	-3.02579	-0.893666
38	-521	1	2212	2	6.22857	-3.21038	-0.913889
39	-5	36	-5	71	8.6331	1.38326	1.57211
40	-5222	0	2212	2	8.56869	1.46138	1.58206
41	-1	8	5	71	6.41935	-0.216955	1.38179
42	21	8	5	71	5.65615	-1.19834	-2.5031
43	2212	0	2212	1	0.605447	8.1019	1.87373
44	423	38	-521	2	3.66849	-2.92994	-1.03126
45	-5122	40	-5222	2	8.0618	1.46864	1.58515
46	421	44	423	2	3.45118	-2.93603	-1.06944
47	-4122	45	-5122	2	2.78046	1.46688	1.61655
REle1Pt: 40.5968 REle1Eta: -1.32273 REle1Phi: -0.547097 REle2Pt: 33.7563 REle2Eta: -1.96163 REle2Phi: 2.73918
El1Idx: 35 El1Type: 1 El2Idx: -1 El2Type: -5
PhoIdx1: -1 PhoIdx2: 32
===============================================================
=========================================================
truth size = 61
Idx	PID	MIdx	MPID	GenSt	pt	eta	phi
 (WARNING)  TVector3::Pseud... : transvers momentum = 0! return +/- 10e10
2	-2	0	2212	21	0	-1e+11	0
 (WARNING)  TVector3::Pseud... : transvers momentum = 0! return +/- 10e10
3	21	1	2212	21	0	-1e+11	0
4	23	2	-2	22	78.7255	0.85526	1.51403
5	-2	2	-2	23	78.7255	1.02473	-1.62756
6	23	4	23	44	102.443	0.758499	1.56844
7	23	6	23	44	101.403	0.744943	1.54249
8	23	7	23	44	100.718	0.73631	1.51747
9	23	8	23	44	99.1396	0.72906	1.53642
10	-2	5	-2	52	67.046	0.755884	-1.64114
11	4	0	2212	51	3.91533	-2.05991	-3.0853
12	-4	0	2212	51	1.00622	-3.52705	-0.0812157
13	4	11	4	52	3.11329	-2.09492	-3.0822
14	-4	12	-4	52	0.944058	-3.61858	-0.0846109
15	4	13	4	52	2.32497	-2.15368	-3.00967
16	23	9	23	62	99.8559	0.726063	1.53401
17	4	15	4	62	2.3313	-2.14904	-3.00101
18	-4	14	-4	62	0.935956	-3.62772	-0.120568
19	11	16	23	23	14.279	-0.55616	0.987376
20	-11	16	23	23	68.2674	1.11263	1.79389
21	22	16	23	1	23.9279	-0.216809	1.09733
22	22	20	-11	1	10.1021	1.11354	1.78428
23	-11	20	-11	1	58.1658	1.11246	1.79555
24	22	20	-11	1	0.000274731	1.13888	1.77642
25	11	19	11	1	14.2788	-0.55616	0.987376
26	4	17	4	71	2.3313	-2.14904	-3.00101
27	431	0	2212	2	1.92301	-2.2151	-2.78533
28	-4	18	-4	71	0.935956	-3.62772	-0.120568
29	-411	0	2212	2	1.76803	-3.16921	-0.337035
30	-1	0	2212	71	8.07148	3.66346	-1.99338
31	3	1	2212	71	6.8523	0.289548	-1.35527
32	-1	0	2212	71	2.92397	-2.70505	-2.06893
33	2212	0	2212	1	1.66481	-2.72259	-1.81938
34	21	0	2212	71	6.5713	1.67431	0.573796
35	21	0	2212	71	5.53835	0.632361	1.01959
36	21	0	2212	71	5.47028	2.10511	1.73028
37	21	1	2212	71	19.4447	0.209631	-1.40763
38	-3	0	2212	71	6.62769	0.342007	-1.3476
39	2212	0	2212	1	4.71464	0.281085	-1.52873
40	21	1	2212	71	5.15668	-0.88114	2.88849
41	21	10	-2	71	6.04196	0.855134	-1.72439
42	21	10	-2	71	13.691	0.717147	-1.6317
43	21	10	-2	71	5.75003	0.861573	-1.52642
44	21	10	-2	71	6.76191	0.854487	-1.69623
45	21	10	-2	71	5.74815	0.541178	-1.76152
46	21	10	-2	71	11.9099	0.717107	-1.58965
47	-2	10	-2	71	14.3085	0.770943	-1.57412
48	2212	0	2212	1	1.10149	0.231403	-3.03314
49	21	1	2212	71	7.68198	-2.51991	1.16065
50	-2	0	2212	71	5.90895	2.4429	0.646528
51	2	0	2212	71	8.42591	-2.24525	-2.82005
52	2212	0	2212	1	0.398232	-2.47246	-2.77829
53	2212	0	2212	1	0.88197	-1.66459	-1.10175
54	2212	0	2212	1	1.46157	0.624346	-1.55505
55	310	0	2212	1	12.8887	0.198394	-1.39332
56	2212	0	2212	1	0.05661	4.12677	1.43642
57	2212	0	2212	1	0.284801	-4.68694	-0.795504
58	2212	0	2212	1	0.491584	-5.73683	2.73349
59	11	0	2212	1	0.161492	-0.819621	-2.27652
60	-11	0	2212	1	0.00325283	-0.78281	2.65043
REle1Pt: 70.4585 REle1Eta: 1.11248 REle1Phi: 1.79604 REle2Pt: 23.6524 REle2Eta: -0.21639 REle2Phi: 1.0926
El1Idx: 23 El1Type: 1 El2Idx: -1 El2Type: -5
PhoIdx1: -1 PhoIdx2: 21
===============================================================
=========================================================
truth size = 42
Idx	PID	MIdx	MPID	GenSt	pt	eta	phi
 (WARNING)  TVector3::Pseud... : transvers momentum = 0! return +/- 10e10
2	-4	0	2212	21	0	-1e+11	0
 (WARNING)  TVector3::Pseud... : transvers momentum = 0! return +/- 10e10
3	4	5	4	21	0	-1e+11	0
 (WARNING)  TVector3::Pseud... : transvers momentum = 0! return +/- 10e10
4	23	2	-4	22	0	-1e+11	0
 (WARNING)  TVector3::Pseud... : transvers momentum = 0! return +/- 10e10
5	4	8	4	42	0	-1e+11	0
6	23	4	23	44	5.18933	3.94785	1.03494
7	4	0	2212	43	5.18933	4.28083	-2.10666
 (WARNING)  TVector3::Pseud... : transvers momentum = 0! return +/- 10e10
8	4	11	4	42	2.79716e-17	-1e+11	1.69515
9	23	6	23	44	5.30757	3.92549	1.05169
10	4	7	4	44	5.04225	4.30972	-2.12892
11	4	1	2212	61	1.18276	-3.18051	-2.45477
12	23	9	23	62	3.76141	4.26848	1.28033
13	4	10	4	62	5.77549	4.17514	-2.21907
14	-4	1	2212	63	0.685291	-3.66597	-2.88105
15	11	12	23	1	38.4501	0.519302	0.834318
16	-11	12	23	1	8.88176	1.58147	-2.47747
17	22	12	23	1	26.3035	1.97262	-2.31177
18	4	0	2212	73	6.07835	4.19843	-2.18704
19	-3	0	2212	71	6.8933	3.76259	-1.94079
20	2212	0	2212	1	0.673353	3.34852	1.16003
21	-2	0	2212	71	6.28055	-4.91904	0.44543
22	2	1	2212	71	1.2251	-5.55117	-0.204582
23	-2	0	2212	71	1.2759	-1.92321	-2.30751
24	2212	0	2212	1	1.56824	-5.07294	0.0417787
25	21	0	2212	71	7.00319	-0.407696	-1.75495
26	21	0	2212	71	5.66475	3.2972	2.61766
27	21	0	2212	71	5.32133	2.70902	3.04767
28	-1	0	2212	71	7.54626	2.84863	0.815805
29	-4	14	-4	71	0.685291	-3.66597	-2.88105
30	-433	0	2212	2	0.43468	-3.67817	-2.63544
31	4	18	4	71	6.07835	4.19843	-2.18704
32	2212	0	2212	1	0.675756	-7.6076	-0.993809
33	2212	0	2212	1	0.548432	-1.03455	1.40835
34	431	0	2212	2	2.59746	4.1715	-2.01076
35	2212	0	2212	1	0.422073	4.96093	-2.34212
36	21	0	2212	71	5.60379	-4.05432	2.34509
37	2212	0	2212	1	0.810966	-0.844022	-1.55886
38	2212	0	2212	1	0.824718	-1.27965	-1.0249
39	-431	30	-433	2	0.421191	-3.6629	-2.60183
40	11	0	2212	1	0.193256	-1.36076	1.88154
41	-11	0	2212	1	0.041736	-1.42697	2.04659
REle1Pt: 38.7539 REle1Eta: 0.51926 REle1Phi: 0.833855 REle2Pt: 24.3106 REle2Eta: 1.9716 REle2Phi: -2.31841
El1Idx: 15 El1Type: 1 El2Idx: -1 El2Type: -5
PhoIdx1: -1 PhoIdx2: 17
===============================================================
=========================================================
truth size = 40
Idx	PID	MIdx	MPID	GenSt	pt	eta	phi
 (WARNING)  TVector3::Pseud... : transvers momentum = 0! return +/- 10e10
2	2	0	2212	21	0	-1e+11	0
 (WARNING)  TVector3::Pseud... : transvers momentum = 0! return +/- 10e10
3	-2	1	2212	21	0	-1e+11	0
 (WARNING)  TVector3::Pseud... : transvers momentum = 0! return +/- 10e10
4	23	2	2	22	1.77636e-15	1e+11	-1.5708
5	23	4	23	44	3.05508	4.24121	0.532863
6	23	5	23	44	2.4871	4.41221	0.0701278
7	-4	0	2212	51	1.33336	3.43084	-2.24908
8	4	0	2212	51	1.36638	1.13563	-0.764628
9	4	8	4	52	1.31665	1.12725	-0.763633
10	23	6	23	62	3.94696	3.9515	-2.03099
11	-4	7	-4	62	1.2415	3.50239	-2.27498
12	4	9	4	62	1.29868	1.12972	-0.758808
13	11	10	23	23	3.86001	2.94469	3.12157
14	-11	10	23	1	37.3508	0.478277	0.343988
15	22	10	23	23	36.817	1.07208	-2.68568
16	11	13	11	1	3.85999	2.94469	3.12157
17	-11	15	22	1	32.6089	1.07252	-2.68539
18	22	15	22	1	0.000829835	1.07255	-2.68538
19	11	15	22	1	4.20722	1.06863	-2.68789
20	2212	1	2212	1	0.891138	-9.452	0.00334393
21	1	0	2212	72	0.439029	8.60696	0.848958
22	2	1	2212	72	0.770789	-4.61799	-0.537764
23	1	1	2212	72	1.72754	-6.43876	-0.560816
24	2	0	2212	71	0.208312	7.15635	2.90542
25	-4	11	-4	71	1.2415	3.50239	-2.27498
26	-413	0	2212	2	1.42256	3.23047	-1.72828
27	4	12	4	71	1.29868	1.12972	-0.758808
28	-1	1	2212	71	0.951309	-4.47237	-1.02667
29	423	0	2212	2	0.83206	2.21079	-1.19054
30	2212	0	2212	1	0.401118	4.4709	1.15668
31	2212	0	2212	1	0.821628	2.43965	-2.245
32	-421	26	-413	2	1.35974	3.22044	-1.72752
33	421	29	423	2	0.736302	2.24164	-1.16584
34	11	0	2212	1	0.277968	6.96287	-1.10361
35	-11	0	2212	1	0.0369934	6.89614	-1.12433
36	13	32	-421	1	0.0732045	3.55401	2.31501
37	-14	32	-421	1	0.68061	1.82982	-2.28501
38	-13	33	421	1	0.7982	1.3117	-0.987574
39	14	33	421	1	0.227041	0.255143	-1.26349
REle1Pt: 37.2205 REle1Eta: 1.07192 REle1Phi: -2.68574 REle2Pt: 37.1963 REle2Eta: 0.478232 REle2Phi: 0.343971
El1Idx: 17 El1Type: 5 El2Idx: 14 El2Type: 1
PhoIdx1: -1 PhoIdx2: -1
===============================================================
 ( INFO  )  Feb2018_Sihyuns... : Processing entry 11000/1732253
 ( INFO  )  Feb2018_Sihyuns... : Processing entry 12000/1732253
 ( INFO  )  Feb2018_Sihyuns... : Processing entry 13000/1732253
=========================================================
truth size = 26
Idx	PID	MIdx	MPID	GenSt	pt	eta	phi
 (WARNING)  TVector3::Pseud... : transvers momentum = 0! return +/- 10e10
2	-2	0	2212	21	0	-1e+11	0
 (WARNING)  TVector3::Pseud... : transvers momentum = 0! return +/- 10e10
3	2	1	2212	21	0	-1e+11	0
 (WARNING)  TVector3::Pseud... : transvers momentum = 0! return +/- 10e10
4	23	2	-2	22	3.55271e-15	1e+11	-3.14159
5	23	4	23	44	4.29644	4.83954	0.655187
6	23	5	23	62	5.43033	4.60541	0.125566
7	11	6	23	23	4.85391	-0.305082	3.04084
8	-11	6	23	23	38.2118	2.16151	-0.814993
9	22	6	23	1	32.2443	1.93532	2.08973
10	22	7	11	1	0.507551	-0.00910533	0.320636
11	-11	8	-11	52	38.0534	2.16151	-0.814993
12	-11	11	-11	1	38.0107	2.16156	-0.814962
13	22	11	-11	1	0.0427161	2.11291	-0.842524
14	11	7	11	1	5.20667	-0.156954	3.10068
15	1	1	2212	71	0.939198	-4.21915	1.1089
16	-1	0	2212	71	0.380841	2.48592	1.21917
17	2	1	2212	71	0.619333	0.122691	2.6047
18	2103	0	2212	71	1.17877	8.92006	0.871025
19	2212	0	2212	1	1.13062	-1.52722	-0.74213
20	310	0	2212	1	1.5703	1.58015	1.38924
21	2212	0	2212	1	0.445478	8.74481	2.53704
22	11	0	2212	1	0.037484	8.79481	1.40413
23	-11	0	2212	1	0.0191767	8.84636	1.4509
24	11	0	2212	1	0.117052	0.301138	-1.4312
25	-11	0	2212	1	0.0480251	0.232372	-0.602128
REle1Pt: 35.5314 REle1Eta: 2.16173 REle1Phi: -0.815118 REle2Pt: 32.2354 REle2Eta: 1.93531 REle2Phi: 2.09122
El1Idx: 12 El1Type: 1 El2Idx: -1 El2Type: -5
PhoIdx1: -1 PhoIdx2: 9
===============================================================
 ( INFO  )  Feb2018_Sihyuns... : Processing entry 14000/1732253
=========================================================
truth size = 68
Idx	PID	MIdx	MPID	GenSt	pt	eta	phi
 (WARNING)  TVector3::Pseud... : transvers momentum = 0! return +/- 10e10
2	21	0	2212	21	0	-1e+11	0
 (WARNING)  TVector3::Pseud... : transvers momentum = 0! return +/- 10e10
3	-2	1	2212	21	0	-1e+11	0
4	23	2	21	22	32.9214	2.53583	-0.950512
5	-2	2	21	23	32.9214	1.15182	2.19108
6	23	4	23	44	31.8956	2.58239	-0.988748
7	-2	5	-2	44	33.1739	1.15786	2.19988
8	-4	0	2212	51	0.546497	1.94233	0.800055
9	4	0	2212	51	0.984434	-0.12507	-0.634113
10	-4	8	-4	52	0.530643	1.93412	0.802156
11	-4	10	-4	52	0.453251	1.90483	0.79719
12	4	9	4	52	0.966043	-0.104156	-0.633845
13	23	6	23	62	29.3347	2.66602	-1.08993
14	-4	11	-4	62	0.333865	2.21262	0.832465
15	4	12	4	62	0.970366	-0.0837801	-0.674225
16	11	13	23	23	50.171	1.1191	-1.51507
17	-11	13	23	23	16.852	2.36548	0.387871
18	22	13	23	1	18.3572	1.77096	1.83681
19	22	16	11	1	0.0357297	0.878649	-1.07285
20	22	16	11	1	0.00423904	1.13553	-1.51582
21	22	16	11	1	0.00336905	1.11334	-1.50115
22	22	16	11	1	0.000837681	1.11876	-1.51402
23	22	16	11	1	0.000565003	1.11931	-1.51532
24	-11	17	-11	52	16.85	2.36548	0.387871
25	-11	24	-11	1	16.8499	2.36548	0.387871
26	22	24	-11	1	2.21849e-05	2.35189	0.443172
27	11	16	11	1	50.129	1.11933	-1.51534
28	-1	0	2212	73	9.80157	3.257	0.441447
29	3	0	2212	73	2.60957	1.22439	0.418123
30	2	0	2212	73	1.67164	2.54673	2.56109
31	21	0	2212	73	5.04101	1.90934	-2.52912
32	21	0	2212	73	5.66076	1.89497	-2.55723
33	4	15	4	71	0.970366	-0.0837801	-0.674225
34	411	0	2212	2	1.26141	-0.177022	-0.276373
35	1	0	2212	71	1.21271	1.24955	2.6019
36	-4	14	-4	71	0.333865	2.21262	0.832465
37	-411	35	1	2	0.63002	1.90893	1.63155
38	21	7	-2	71	9.18519	1.17297	2.18797
39	21	7	-2	71	11.1373	1.14888	2.38867
40	21	7	-2	71	5.47322	1.00043	2.22619
41	-2	7	-2	71	5.95478	1.26543	1.8396
42	2212	0	2212	1	2.57618	1.54229	2.07619
43	2212	0	2212	1	4.59322	0.806545	-1.13204
44	2	30	2	71	1.67164	2.54673	2.56109
45	21	32	21	71	5.66076	1.89497	-2.55723
46	-1	0	2212	71	0.971612	0.053029	-0.889057
47	3	29	3	71	2.60957	1.22439	0.418123
48	-1	28	-1	71	9.80157	3.257	0.441447
49	21	0	2212	71	5.50281	-2.74811	-0.986054
50	21	0	2212	71	5.0233	-2.66802	-0.467926
51	2212	0	2212	1	1.74017	-2.27365	2.43699
52	2212	0	2212	1	0.415682	-1.74782	2.44457
53	2212	0	2212	1	0.693968	-7.58229	-1.96925
54	2212	0	2212	1	0.371267	6.29981	0.963401
55	2212	0	2212	1	1.45479	-5.18452	-1.72798
56	2212	0	2212	1	0.442542	-9.14228	3.0016
57	310	0	2212	1	1.70741	0.774139	-0.345867
58	310	0	2212	1	3.20258	1.61428	-2.65095
59	310	0	2212	1	1.16502	2.27542	-0.727941
60	2212	0	2212	1	1.01027	-4.38852	0.676002
61	310	0	2212	1	1.49543	0.0788943	-1.73672
62	13	37	-411	1	0.102032	0.451926	-2.61637
63	-14	37	-411	1	1.05595	0.704561	1.68641
64	11	0	2212	1	0.0254126	0.899067	-2.62893
65	-11	0	2212	1	0.67867	1.21191	-2.64602
66	11	0	2212	1	0.0055419	4.49842	-0.166753
67	-11	0	2212	1	0.00919635	4.53112	-0.0789145
REle1Pt: 48.74 REle1Eta: 1.11903 REle1Phi: -1.5155 REle2Pt: 18.0765 REle2Eta: 1.77118 REle2Phi: 1.83201
El1Idx: 27 El1Type: 1 El2Idx: -1 El2Type: -5
PhoIdx1: -1 PhoIdx2: 18
===============================================================
 ( INFO  )  Feb2018_Sihyuns... : Processing entry 15000/1732253
 ( INFO  )  Feb2018_Sihyuns... : Processing entry 16000/1732253
 ( INFO  )  Feb2018_Sihyuns... : Processing entry 17000/1732253
=========================================================
truth size = 97
Idx	PID	MIdx	MPID	GenSt	pt	eta	phi
 (WARNING)  TVector3::Pseud... : transvers momentum = 0! return +/- 10e10
2	21	0	2212	21	0	-1e+11	0
 (WARNING)  TVector3::Pseud... : transvers momentum = 0! return +/- 10e10
3	4	8	4	21	0	-1e+11	0
4	23	2	21	22	84.9614	-3.11087	0.0489735
5	22	2	21	23	30.9831	-0.870567	1.4988
6	4	2	21	23	88.6827	0.036389	1.94503
7	21	2	21	23	129.693	-2.1546	-2.00593
 (WARNING)  TVector3::Pseud... : transvers momentum = 0! return +/- 10e10
8	4	14	4	41	2.11716e-13	-1e+11	2.68545
9	23	4	23	44	72.6701	-3.31188	0.144662
10	4	6	4	44	89.1588	-0.00281068	1.94992
11	21	7	21	51	15.625	-1.23243	-2.89406
12	-4	11	21	51	12.667	-0.996841	-2.12876
13	4	11	21	51	19.2677	-2.33077	-2.55035
 (WARNING)  TVector3::Pseud... : transvers momentum = 0! return +/- 10e10
14	4	20	4	42	2.23152e-15	-1e+11	-1.47113
15	23	9	23	44	72.6849	-3.30981	0.14932
16	4	10	4	44	93.3559	-0.0467852	1.93722
17	-4	12	-4	44	12.4849	-0.980651	-2.14016
18	4	13	4	44	19.2246	-2.32654	-2.55459
19	4	16	4	52	91.3941	-0.0467854	1.93722
 (WARNING)  TVector3::Pseud... : transvers momentum = 0! return +/- 10e10
20	4	1	2212	41	3.11751e-14	-1e+11	2.21216
21	23	15	23	44	72.0625	-3.31873	0.165627
22	4	19	4	44	91.4558	-0.0464342	1.93741
23	-4	17	-4	44	12.4771	-0.981601	-2.14183
24	4	18	4	44	19.2324	-2.32646	-2.56143
25	4	0	2212	51	3.74553	2.63334	-0.767148
26	-4	0	2212	51	1.84116	2.98646	-1.86116
27	23	21	23	44	72.3209	-3.31517	0.170267
28	4	22	4	44	91.4691	-0.0463095	1.93724
29	-4	23	-4	44	12.4701	-0.982187	-2.14188
30	4	24	4	44	19.1958	-2.32839	-2.56247
31	-4	1	2212	43	0.75609	-7.22139	-2.05989
32	4	25	4	44	2.97846	2.8634	-0.863406
33	-4	26	-4	44	1.86034	2.97701	-2.17701
34	4	32	4	52	2.93932	2.86884	-0.863387
35	4	30	4	52	18.8232	-2.32843	-2.56205
36	-4	33	-4	52	1.83694	2.97724	-2.17737
37	-4	36	-4	51	2.4735	2.51738	-2.13397
38	4	34	4	44	2.9335	2.86766	-0.861721
39	-4	37	-4	44	2.46523	2.5158	-2.13614
40	4	38	4	52	2.89873	2.87272	-0.861759
41	4	28	4	52	89.5646	-0.0463164	1.93724
42	4	41	4	52	76.0133	-0.0461832	1.93702
43	23	27	23	62	71.9669	-3.32115	0.171263
44	22	5	22	1	31.9809	-0.928112	1.51479
45	4	42	4	62	76.2938	-0.0497473	1.92229
46	-4	29	-4	62	12.4046	-0.976273	-2.13993
47	4	35	4	62	18.8327	-2.32477	-2.56313
48	-4	31	-4	62	0.911206	-7.03476	-2.27517
49	4	40	4	62	2.90441	2.87083	-0.865507
50	-4	39	-4	62	2.47187	2.51252	-2.1355
51	11	43	23	1	8.34928	-4.88716	-2.14351
52	-11	43	23	1	77.8639	-2.43656	0.250242
53	-4	0	2212	73	2.72892	2.47258	-2.20835
54	-4	1	2212	73	14.1461	-0.961928	-2.11848
55	4	1	2212	73	19.4511	-2.33657	-2.57156
56	4	0	2212	73	89.5261	-0.0463443	1.92392
57	-4	48	-4	71	0.911206	-7.03476	-2.27517
58	-431	1	2212	2	0.550425	-7.96102	-1.63225
59	1	1	2212	71	0.702071	-4.78796	1.72999
60	-4	54	-4	71	14.1461	-0.961928	-2.11848
61	-423	0	2212	2	15.267	-0.937047	-2.0726
62	21	0	2212	71	6.00041	-0.595212	1.91477
63	-4	53	-4	71	2.72892	2.47258	-2.20835
64	-411	0	2212	2	1.08818	2.98055	-2.44974
65	4	49	4	71	2.90441	2.87083	-0.865507
66	-3	0	2212	71	1.14265	7.12272	0.818044
67	411	0	2212	2	2.04744	3.16724	-0.724482
68	2212	0	2212	1	1.18269	8.0844	-3.02509
69	4	56	4	71	89.5261	-0.0463443	1.92392
70	21	0	2212	71	7.52511	0.276924	1.85143
71	433	0	2212	2	61.4472	-0.0414867	1.92624
72	2	20	4	71	1.56374	-3.36514	-0.153782
73	-3	0	2212	71	0.409253	1.0291	2.54098
74	4	55	4	71	19.4511	-2.33657	-2.57156
75	21	7	21	71	49.4132	-2.25842	-2.02192
76	21	7	21	71	24.1971	-2.18092	-1.98363
77	21	7	21	71	15.9786	-2.26117	-1.96847
78	21	7	21	71	8.89445	-2.11752	-1.86551
79	21	8	4	71	11.6806	-1.51161	-0.549213
80	21	8	4	71	7.32999	-1.58127	-0.353046
81	413	1	2212	2	13.4243	-2.33828	-2.50731
82	2212	1	2212	1	12.2989	-2.1971	-2.00048
83	2212	0	2212	1	0.535756	-1.87561	-0.63038
84	2212	0	2212	1	0.793214	-7.14569	-0.677073
85	310	0	2212	1	1.64415	-0.296677	1.81799
86	-421	61	-423	2	13.4194	-0.931442	-2.07424
87	431	71	433	2	59.5942	-0.0395286	1.92611
88	421	81	413	2	12.3321	-2.33574	-2.50776
89	13	86	-421	1	0.772742	-0.971564	-1.91592
90	-14	86	-421	1	7.25483	-0.933299	-2.0199
91	11	0	2212	1	0.0285962	5.56705	-1.14202
92	-11	0	2212	1	0.154802	5.58628	-1.13421
93	331	87	431	2	32.9906	-0.0423079	1.94146
94	11	0	2212	1	0.0287714	1.30626	2.93832
95	-11	0	2212	1	0.0389702	-0.124896	1.45754
96	22	93	331	1	12.7353	-0.0353367	1.94596
REle1Pt: 74.7879 REle1Eta: -2.43617 REle1Phi: 0.250335 REle2Pt: 29.3329 REle2Eta: -0.928326 REle2Phi: 1.51731
El1Idx: 52 El1Type: 1 El2Idx: -1 El2Type: -5
PhoIdx1: -1 PhoIdx2: 44
===============================================================
 ( INFO  )  Feb2018_Sihyuns... : Processing entry 18000/1732253
 ( INFO  )  Feb2018_Sihyuns... : Processing entry 19000/1732253
=========================================================
truth size = 21
Idx	PID	MIdx	MPID	GenSt	pt	eta	phi
 (WARNING)  TVector3::Pseud... : transvers momentum = 0! return +/- 10e10
2	2	0	2212	21	0	-1e+11	0
 (WARNING)  TVector3::Pseud... : transvers momentum = 0! return +/- 10e10
3	-2	1	2212	21	0	-1e+11	0
4	11	2	2	23	16.5879	-0.254342	-0.808269
5	-11	2	2	23	14.6106	0.829544	-2.80067
6	22	2	2	23	17.0373	2.38486	1.4347
7	-11	5	-11	44	10.4025	0.513808	-2.6955
8	11	4	11	52	28.5556	0.268251	-0.420382
9	11	8	11	1	18.0131	0.270105	-0.420479
10	-11	7	-11	1	10.2032	0.511767	-2.70048
11	22	6	22	1	25.2349	1.94256	1.4178
12	22	7	-11	1	0.243024	0.531301	-2.69287
13	22	8	11	1	10.3772	0.269539	-0.420802
14	22	7	-11	1	3.98016e-06	0.836883	-2.87221
15	22	0	2212	1	2.08083	2.82642	0.0795665
16	21	0	2212	71	6.22596	2.03044	-2.17595
17	2212	0	2212	1	0.334086	-1.12886	2.80624
18	-1	0	2212	71	5.85883	-0.739997	2.4765
19	2	1	2212	71	12.0594	-1.76921	-2.95715
20	310	0	2212	1	1.92189	-0.31299	-0.997218
REle1Pt: 28.6538 REle1Eta: 0.270103 REle1Phi: -0.420919 REle2Pt: 24.0366 REle2Eta: 1.9421 REle2Phi: 1.4148
El1Idx: 9 El1Type: 1 El2Idx: -1 El2Type: -5
PhoIdx1: -1 PhoIdx2: 11
===============================================================
=========================================================
truth size = 41
Idx	PID	MIdx	MPID	GenSt	pt	eta	phi
 (WARNING)  TVector3::Pseud... : transvers momentum = 0! return +/- 10e10
2	21	0	2212	21	0	-1e+11	0
 (WARNING)  TVector3::Pseud... : transvers momentum = 0! return +/- 10e10
3	-1	1	2212	21	0	-1e+11	0
4	23	2	21	22	1.16971	-6.18554	-0.486416
5	-1	2	21	23	80.0872	-1.02714	1.18522
6	21	2	21	23	79.9779	-1.54534	-1.97093
7	23	4	23	44	6.53911	-4.42734	1.89562
8	-1	5	-1	44	91.1746	-1.11637	1.30759
9	23	7	23	44	8.18614	-4.20714	1.91083
10	23	9	23	44	8.43198	-4.17774	1.8037
11	23	10	23	44	8.53617	-4.16556	1.79198
12	21	6	21	44	3.47765	-1.73784	-2.41641
13	21	6	21	44	1.31039	-0.472012	-2.41464
14	23	11	23	62	8.28917	-4.1945	1.77476
15	11	14	23	23	14.102	-1.9101	1.95816
16	-11	14	23	23	38.2514	-1.43815	-0.733852
17	22	14	23	1	32.2573	-2.25562	2.44573
18	11	15	11	1	13.5984	-1.91009	1.95816
19	22	15	11	1	0.503672	-1.91026	1.95809
20	-11	16	-11	1	38.2514	-1.43815	-0.733852
21	2212	1	2212	1	0.186729	-10.3147	-1.21799
22	21	6	21	71	9.0802	-1.42953	-2.18361
23	21	6	21	71	10.814	-1.16926	-1.81607
24	21	6	21	71	29.0234	-1.33305	-1.77426
25	2212	12	21	1	3.46412	-1.4656	-1.93699
26	1	1	2212	71	0.237946	-8.58521	2.16671
27	21	6	21	71	3.49618	-1.89346	-1.99163
28	21	6	21	71	9.43006	-1.50499	-1.66846
29	21	6	21	71	5.7176	-1.27085	-1.56246
30	-3	12	21	71	1.7209	-1.37406	-2.13148
31	21	0	2212	71	10.5055	-0.960444	2.95743
32	21	0	2212	71	13.7349	0.212923	-1.15139
33	21	8	-1	71	8.18064	-1.14887	1.02258
34	21	8	-1	71	5.83472	-1.09306	1.42691
35	21	8	-1	71	21.0525	-1.01569	1.32929
36	-1	8	-1	71	46.3035	-1.02131	1.38731
37	2212	0	2212	1	0.687507	7.92629	2.5229
38	310	12	21	1	2.47173	-1.75141	-2.10785
39	11	1	2212	1	0.0558781	-3.89866	-2.35691
40	-11	1	2212	1	0.0383015	-3.82932	-2.43613
REle1Pt: 37.5651 REle1Eta: -1.43818 REle1Phi: -0.734286 REle2Pt: 31.9856 REle2Eta: -2.25625 REle2Phi: 2.45271
El1Idx: 20 El1Type: 1 El2Idx: -1 El2Type: -5
PhoIdx1: -1 PhoIdx2: 17
===============================================================
=========================================================
truth size = 40
Idx	PID	MIdx	MPID	GenSt	pt	eta	phi
 (WARNING)  TVector3::Pseud... : transvers momentum = 0! return +/- 10e10
2	2	0	2212	21	0	-1e+11	0
 (WARNING)  TVector3::Pseud... : transvers momentum = 0! return +/- 10e10
3	-2	1	2212	21	0	-1e+11	0
4	23	2	2	22	77.6792	0.952126	-0.903436
5	22	2	2	23	18.4998	2.12048	-2.31031
6	2	2	2	23	14.2596	1.5337	-1.60841
7	-2	2	2	23	95.5972	0.070095	1.94645
8	23	4	23	44	79.5333	1.01879	-0.945759
9	2	6	2	44	15.2691	1.53657	-1.63458
10	23	8	23	44	79.9633	1.01393	-0.948812
11	23	10	23	62	79.7278	1.00467	-0.949445
12	22	5	22	1	20.5435	2.09123	-2.23285
13	11	11	23	1	27.3049	1.63515	0.317517
14	-11	11	23	1	76.1543	0.346172	-1.29862
15	2212	0	2212	1	1.9725	-3.24957	-1.61786
16	2	0	2212	71	8.42825	-2.61417	3.01622
17	21	0	2212	71	7.87733	-2.19544	3.12719
18	2212	0	2212	1	0.15046	8.89887	0.856662
19	2	9	2	71	11.337	1.32119	-1.71618
20	-2	7	-2	71	88.0918	0.166685	1.97368
21	111	9	2	2	22.8377	0.179572	1.95938
22	223	9	2	2	37.7096	0.165074	1.98387
23	21	0	2212	71	7.17129	-0.570755	2.1237
24	2212	0	2212	1	1.11994	-2.22975	1.66729
25	2212	0	2212	1	0.478557	-2.06495	-2.28406
26	21	0	2212	71	5.79738	-0.563929	-0.227648
27	2212	0	2212	1	0.143867	1.38001	0.26599
28	2212	0	2212	1	1.2596	-0.698074	0.215327
29	1	0	2212	71	1.7561	-4.02189	-0.784148
30	-2	0	2212	71	0.243562	6.63918	0.584652
31	310	0	2212	1	1.41498	2.46768	-0.119039
32	2212	0	2212	1	1.98021	0.160771	-3.09042
33	2212	0	2212	1	0.364796	-6.68799	-1.18727
34	22	21	111	1	20.1974	0.181583	1.95867
35	111	22	223	2	25.436	0.174253	1.97319
36	22	22	223	1	12.278	0.145955	2.00599
37	22	35	111	1	19.9301	0.175721	1.97082
38	11	0	2212	1	0.00657192	4.67633	2.36364
39	-11	0	2212	1	0.138596	4.65428	2.26729
REle1Pt: 77.9076 REle1Eta: 0.346358 REle1Phi: -1.29755 REle2Pt: 20.0607 REle2Eta: 2.09063 REle2Phi: -2.22845
El1Idx: 14 El1Type: 1 El2Idx: -1 El2Type: -5
PhoIdx1: -1 PhoIdx2: 12
===============================================================
 ( INFO  )  Feb2018_Sihyuns... : Processing entry 20000/1732253
=========================================================
truth size = 51
Idx	PID	MIdx	MPID	GenSt	pt	eta	phi
 (WARNING)  TVector3::Pseud... : transvers momentum = 0! return +/- 10e10
2	2	0	2212	21	0	-1e+11	0
 (WARNING)  TVector3::Pseud... : transvers momentum = 0! return +/- 10e10
3	3	1	2212	21	0	-1e+11	0
4	23	2	2	22	249.48	2.06294	-0.156552
5	3	2	2	23	417.975	0.548147	-3.01054
6	2	2	2	23	192.241	2.10756	0.508031
7	23	4	23	44	258.202	2.08025	-0.149436
8	23	7	23	44	258.938	2.08196	-0.146284
9	3	5	3	44	351.933	0.366286	-3.00807
10	23	8	23	44	260.394	2.07717	-0.135444
11	2	6	2	44	200.442	2.1174	0.501348
12	23	10	23	44	260.415	2.07723	-0.136135
13	23	12	23	44	258.929	2.08296	-0.137878
14	23	13	23	62	258.842	2.08333	-0.134895
15	22	1	2212	1	1.53632	-1.78106	-2.39838
16	11	14	23	23	48.6148	1.90479	0.2808
17	-11	14	23	23	80.7718	2.44522	-0.248477
18	22	14	23	1	134.524	1.81317	-0.212858
19	11	16	11	1	48.6115	1.90479	0.2808
20	22	16	11	1	0.00332673	1.90476	0.280786
21	-11	17	-11	1	80.7718	2.44522	-0.248477
22	2	11	2	71	99.8381	2.13953	0.525686
23	21	11	2	71	40.9247	2.13657	0.506298
24	-3	11	2	71	5.1474	2.12398	0.363169
25	2	1	2212	71	9.31879	-2.16861	-2.65821
26	21	1	2212	71	16.1701	-1.35841	3.07611
27	21	1	2212	71	9.27808	-1.28604	-3.11181
28	-3	1	2212	71	37.4807	-1.32202	-3.12176
29	3	9	3	71	256.553	0.337823	-3.01887
30	21	9	3	71	8.46703	0.294848	-3.04051
31	21	9	3	71	5.53175	0.302966	-3.04456
32	21	9	3	71	6.00382	0.488343	-2.97865
33	21	9	3	71	10.5187	0.396728	-3.02332
34	21	9	3	71	31.435	0.524844	-2.97716
35	21	9	3	71	23.5375	0.486139	-2.94305
36	21	0	2212	71	7.30074	2.22102	-2.14288
37	2212	0	2212	1	23.4217	0.475683	-2.94132
38	2212	0	2212	1	1.17237	1.79933	-2.71146
39	3	11	2	71	39.4625	2.14631	0.504341
40	21	11	2	71	7.12568	1.9638	0.358139
41	310	22	2	1	7.72122	2.17957	0.512109
42	111	0	2212	2	63.5581	0.335564	-3.00987
43	310	0	2212	1	12.2076	0.415626	-2.97768
44	2212	0	2212	1	1.58755	0.573625	3.09795
45	111	0	2212	2	15.3214	0.326973	-3.0217
46	111	0	2212	2	37.3985	0.333638	-3.02686
47	22	42	111	1	26.2825	0.335373	-3.00735
48	22	42	111	1	37.2758	0.335697	-3.01165
49	22	45	111	1	13.5281	0.330081	-3.02096
50	22	46	111	1	35.7862	0.334315	-3.02721
REle1Pt: 126.642 REle1Eta: 1.81339 REle1Phi: -0.212743 REle2Pt: 79.9729 REle2Eta: 2.44472 REle2Phi: -0.248084
El1Idx: -1 El1Type: -5 El2Idx: 21 El2Type: 1
PhoIdx1: 18 PhoIdx2: -1
===============================================================
 ( INFO  )  Feb2018_Sihyuns... : Processing entry 21000/1732253
=========================================================
truth size = 23
Idx	PID	MIdx	MPID	GenSt	pt	eta	phi
 (WARNING)  TVector3::Pseud... : transvers momentum = 0! return +/- 10e10
2	3	0	2212	21	0	-1e+11	0
 (WARNING)  TVector3::Pseud... : transvers momentum = 0! return +/- 10e10
3	-3	1	2212	21	0	-1e+11	0
 (WARNING)  TVector3::Pseud... : transvers momentum = 0! return +/- 10e10
4	23	2	3	22	0	-1e+11	0
5	23	4	23	44	2.78178	2.74219	-1.47127
6	23	5	23	44	2.96694	2.6789	-1.5981
7	23	6	23	62	3.46552	2.52714	-1.45997
8	11	7	23	1	6.01956	1.2814	-2.97415
9	-11	7	23	1	31.5604	-0.694194	-0.22169
10	22	7	23	1	24.8794	1.14793	2.95978
11	2	0	2212	71	7.1462	0.873449	-2.48715
12	21	0	2212	71	5.53115	1.72515	-1.08647
13	2212	0	2212	1	1.15084	1.55214	-1.42741
14	-2	0	2212	71	7.97642	0.522912	-2.13285
15	2212	0	2212	1	0.406414	1.3296	0.541709
16	2212	0	2212	1	0.179448	-3.08143	2.07692
17	2212	0	2212	1	0.416039	3.93288	-1.82528
18	21	0	2212	71	7.31172	1.35915	0.80872
19	2212	0	2212	1	1.15582	2.44256	-0.914984
20	2212	0	2212	1	0.535909	8.81874	2.49084
21	2212	0	2212	1	2.04605	1.20737	0.885522
22	310	0	2212	1	1.35363	-0.417959	2.55576
REle1Pt: 31.5886 REle1Eta: -0.694609 REle1Phi: -0.22172 REle2Pt: 23.6319 REle2Eta: 1.14823 REle2Phi: 2.96336
El1Idx: 9 El1Type: 1 El2Idx: -1 El2Type: -5
PhoIdx1: -1 PhoIdx2: 10
===============================================================
 ( INFO  )  Feb2018_Sihyuns... : Processing entry 22000/1732253
 ( INFO  )  Feb2018_Sihyuns... : Processing entry 23000/1732253
=========================================================
truth size = 46
Idx	PID	MIdx	MPID	GenSt	pt	eta	phi
 (WARNING)  TVector3::Pseud... : transvers momentum = 0! return +/- 10e10
2	-4	5	-4	21	0	-1e+11	0
 (WARNING)  TVector3::Pseud... : transvers momentum = 0! return +/- 10e10
3	4	1	2212	21	0	-1e+11	0
 (WARNING)  TVector3::Pseud... : transvers momentum = 0! return +/- 10e10
4	23	2	-4	22	0	-1e+11	0
 (WARNING)  TVector3::Pseud... : transvers momentum = 0! return +/- 10e10
5	-4	0	2212	42	1.68011e-14	1e+11	-1.50467
6	23	4	23	44	0.974384	-6.3717	1.63716
7	-4	1	2212	43	0.974384	-5.05511	-1.50444
8	23	6	23	44	1.11328	-6.23838	0.954601
9	-4	7	-4	44	0.974548	-5.05495	-1.50337
10	4	0	2212	43	0.711926	4.77871	3.05185
11	23	8	23	44	0.991558	-6.35406	0.773318
12	-4	9	-4	44	0.974874	-5.05474	-1.50329
13	4	10	4	44	1.26801	4.20156	-1.82023
14	23	11	23	62	3.34839	-5.13719	1.38768
15	-4	12	-4	62	0.330862	-6.13529	-1.42994
16	4	13	4	62	0.630676	4.89986	-2.41072
17	11	14	23	23	2.26763	-4.78376	1.78091
18	-11	14	23	23	29.8543	-1.08305	-0.95601
19	22	14	23	1	30.1453	-2.00955	2.13566
20	22	18	-11	1	0.226968	-1.12559	-0.0181958
21	11	17	11	52	2.26321	-4.78376	1.78091
22	22	21	11	1	0.18834	-3.14306	-2.68606
23	11	21	11	1	2.29271	-4.75484	1.69664
24	22	21	11	1	1.0108e-05	-4.6672	1.71493
25	-11	18	-11	1	29.6901	-1.08574	-0.962109
26	4	0	2212	73	0.798118	4.75285	-2.35967
27	4	0	2212	73	1.55854	4.51339	-2.20172
28	2212	0	2212	1	1.76016	1.47656	2.60722
29	21	0	2212	71	6.19667	-2.412	-1.10015
30	2212	0	2212	1	0.242942	1.10287	2.01193
31	2212	0	2212	1	0.876103	-4.62772	2.52668
32	2212	0	2212	1	0.470465	7.92907	-2.68242
33	2212	0	2212	1	0.433192	2.10808	-2.42377
34	-3	0	2212	71	5.38564	2.24909	2.74245
35	2212	0	2212	1	0.907722	-6.09421	-0.848595
36	4	27	4	71	1.55854	4.51339	-2.20172
37	21	0	2212	71	5.47173	6.56287	-0.572245
38	-4	15	-4	71	0.330862	-6.13529	-1.42994
39	421	0	2212	2	1.76559	4.50201	-2.16967
40	2212	0	2212	1	0.741737	-5.32293	-1.08624
41	-413	0	2212	2	1.81035	-4.45854	-1.398
42	310	0	2212	1	1.85702	2.19366	2.07591
43	-421	41	-413	2	1.70206	-4.46517	-1.401
44	11	43	-421	1	0.48765	-3.36546	-2.54362
45	-12	43	-421	1	0.588022	-4.89699	-1.20856
REle1Pt: 28.8848 REle1Eta: -1.08565 REle1Phi: -0.961482 REle2Pt: 27.0974 REle2Eta: -2.00913 REle2Phi: 2.13666
El1Idx: 25 El1Type: 1 El2Idx: -1 El2Type: -5
PhoIdx1: -1 PhoIdx2: 19
===============================================================
 ( INFO  )  Feb2018_Sihyuns... : Processing entry 24000/1732253
 ( INFO  )  Feb2018_Sihyuns... : Processing entry 25000/1732253
=========================================================
truth size = 57
Idx	PID	MIdx	MPID	GenSt	pt	eta	phi
 (WARNING)  TVector3::Pseud... : transvers momentum = 0! return +/- 10e10
2	-1	0	2212	21	0	-1e+11	0
 (WARNING)  TVector3::Pseud... : transvers momentum = 0! return +/- 10e10
3	1	1	2212	21	0	-1e+11	0
4	23	2	-1	22	194.385	-1.02221	2.13275
5	21	2	-1	23	194.385	-1.16532	-1.00884
6	23	4	23	44	188.044	-1.07302	2.17413
7	23	6	23	44	179.864	-1.04023	2.15311
8	23	7	23	44	175.239	-1.06655	2.15955
9	21	5	21	44	214.518	-1.14638	-1.03996
10	5	9	21	51	103.139	-1.09832	-1.10025
11	-5	9	21	51	111.739	-1.18534	-0.984304
12	23	8	23	44	174.694	-1.06441	2.16334
13	5	10	5	44	103.427	-1.10103	-1.10291
14	-5	11	-5	44	111.992	-1.18752	-0.987021
15	23	12	23	44	174.478	-1.06358	2.16539
16	5	13	5	44	103.547	-1.10218	-1.10439
17	-5	14	-5	44	112.093	-1.18841	-0.988486
18	23	15	23	44	174.401	-1.06329	2.1645
19	5	16	5	44	103.574	-1.10243	-1.10366
20	-5	17	-5	44	112.128	-1.18872	-0.987847
21	-5	20	-5	51	96.4048	-1.19621	-0.995399
22	5	19	5	52	103.519	-1.10243	-1.10366
23	23	18	23	62	174.571	-1.0624	2.16499
24	5	22	5	62	103.425	-1.10328	-1.10425
25	-5	21	-5	62	96.3031	-1.1972	-0.995933
26	11	23	23	1	77.8313	-0.602679	2.53025
27	-11	23	23	1	52.0992	-1.42733	2.0985
28	22	23	23	1	55.5106	-1.05741	1.71111
29	21	20	-5	73	6.06527	-1.25066	-1.09649
30	21	1	2212	71	5.45434	-5.23151	1.93777
31	-1	1	2212	71	5.79438	-5.14154	1.87974
32	2	0	2212	71	0.810018	0.536839	1.1599
33	21	20	-5	71	5.53271	-1.07601	-1.08341
34	21	29	21	71	6.06527	-1.25066	-1.09649
35	-5	25	-5	71	96.3031	-1.1972	-0.995933
36	533	20	-5	2	98.8192	-1.19948	-1.0025
37	1	0	2212	71	8.37504	2.84774	2.87335
38	5	24	5	71	103.425	-1.10328	-1.10425
39	21	1	2212	71	11.9437	-2.31816	1.1955
40	21	1	2212	71	5.92954	-2.62816	1.28971
41	2101	1	2212	71	1.1655	-8.1436	-0.498852
42	-513	1	2212	2	101.28	-1.10933	-1.10142
43	531	36	533	2	97.1185	-1.19938	-1.00265
44	-511	42	-513	2	100.513	-1.10899	-1.10112
45	-433	43	531	2	40.1341	-1.2268	-0.99662
46	421	43	531	2	42.1406	-1.18417	-1.0096
47	411	44	-511	2	58.1221	-1.11474	-1.10301
48	221	44	-511	2	35.9466	-1.1044	-1.06984
49	-431	45	-433	2	38.4338	-1.22945	-0.998629
50	-13	46	421	1	11.9529	-1.13944	-1.01202
51	14	46	421	1	4.14155	-1.26403	-0.94305
52	310	43	531	1	11.8083	-1.15208	-0.990217
53	-11	47	411	1	9.2037	-1.15483	-1.07867
54	12	47	411	1	26.3375	-1.08894	-1.11846
55	22	48	221	1	27.2531	-1.09996	-1.07727
56	310	47	411	1	22.5875	-1.12761	-1.09491
REle1Pt: 77.1123 REle1Eta: -0.602422 REle1Phi: 2.53027 REle2Pt: 57.8614 REle2Eta: -1.05732 REle2Phi: 1.70946
El1Idx: 26 El1Type: 1 El2Idx: -1 El2Type: -5
PhoIdx1: -1 PhoIdx2: 28
===============================================================
 ( INFO  )  Feb2018_Sihyuns... : Processing entry 26000/1732253
=========================================================
truth size = 47
Idx	PID	MIdx	MPID	GenSt	pt	eta	phi
 (WARNING)  TVector3::Pseud... : transvers momentum = 0! return +/- 10e10
2	-2	0	2212	21	0	-1e+11	0
 (WARNING)  TVector3::Pseud... : transvers momentum = 0! return +/- 10e10
3	2	1	2212	21	0	-1e+11	0
 (WARNING)  TVector3::Pseud... : transvers momentum = 0! return +/- 10e10
4	23	2	-2	22	0	-1e+11	0
5	4	0	2212	51	25.1886	1.00503	-0.968847
6	-4	0	2212	51	14.3187	1.27528	0.693016
7	4	5	4	44	26.3441	1.04145	-1.172
8	-4	6	-4	44	11.9819	1.09277	0.688355
9	4	7	4	44	27.1048	1.01373	-1.15042
10	-4	8	-4	44	12.1549	1.07918	0.653247
11	23	4	23	44	1.50825	6.01258	-0.472508
12	4	9	4	44	27.1294	1.01462	-1.15136
13	-4	10	-4	44	12.1419	1.07813	0.652616
14	-4	13	-4	52	11.8165	1.07882	0.652694
15	4	12	4	52	27.1084	1.01462	-1.15136
16	23	11	23	44	2.89553	5.36217	-0.343025
17	4	15	4	52	26.9402	1.01461	-1.15136
18	4	17	4	51	21.0504	1.04176	-1.17363
19	4	18	4	44	21.0737	1.04066	-1.17082
20	-4	14	-4	44	11.8464	1.07629	0.650857
21	4	19	4	44	21.0724	1.04059	-1.17079
22	-4	20	-4	44	11.847	1.07634	0.650905
23	-4	22	-4	52	11.2075	1.0783	0.651174
24	23	16	23	62	4.9469	4.82791	-0.114625
25	4	21	4	62	21.1069	1.03861	-1.16936
26	-4	23	-4	62	11.2189	1.07749	0.649144
27	11	24	23	1	42.4217	1.80656	-2.77709
28	-11	24	23	1	7.71845	2.47789	-0.0685955
29	22	24	23	1	39.8173	1.95417	0.388588
30	4	25	4	72	21.1069	1.03861	-1.16936
31	2	0	2212	71	0.739526	8.01939	-0.334782
32	21	0	2212	71	7.94338	3.05636	2.86362
33	21	0	2212	71	9.20265	3.1752	2.7817
34	-4	26	-4	71	11.2189	1.07749	0.649144
35	2212	0	2212	1	0.353257	7.60876	-0.285782
36	2212	0	2212	1	1.57058	2.73974	2.37539
37	-411	0	2212	2	6.51819	1.14267	0.60134
38	411	1	2212	2	15.9556	1.0091	-1.14492
39	2212	1	2212	1	0.196674	-3.76782	-1.48979
40	2212	1	2212	1	0.20983	-9.50077	0.300146
41	21	0	2212	71	6.77783	3.59679	2.61525
42	2212	0	2212	1	0.303879	5.23881	2.38776
43	2212	0	2212	1	0.793682	8.39536	-2.9732
44	2212	1	2212	1	0.747518	-6.79274	1.792
45	13	37	-411	1	3.15508	0.997645	0.556913
46	-14	37	-411	1	0.212133	0.716843	1.24152
REle1Pt: 42.2602 REle1Eta: 1.80656 REle1Phi: -2.77677 REle2Pt: 39.3662 REle2Eta: 1.95443 REle2Phi: 0.383782
El1Idx: 27 El1Type: 1 El2Idx: -1 El2Type: -5
PhoIdx1: -1 PhoIdx2: 29
===============================================================
 ( INFO  )  Feb2018_Sihyuns... : Processing entry 27000/1732253
 ( INFO  )  Feb2018_Sihyuns... : Processing entry 28000/1732253
=========================================================
truth size = 26
Idx	PID	MIdx	MPID	GenSt	pt	eta	phi
 (WARNING)  TVector3::Pseud... : transvers momentum = 0! return +/- 10e10
2	-1	0	2212	21	0	-1e+11	0
 (WARNING)  TVector3::Pseud... : transvers momentum = 0! return +/- 10e10
3	1	1	2212	21	0	-1e+11	0
 (WARNING)  TVector3::Pseud... : transvers momentum = 0! return +/- 10e10
4	23	2	-1	22	3.55271e-15	1e+11	-3.14159
5	23	4	23	44	17.366	2.22575	1.41734
6	23	5	23	44	16.7047	2.23779	1.34953
7	23	6	23	44	16.3804	2.24958	1.37082
8	23	7	23	62	16.6284	2.23506	1.50334
9	11	8	23	23	5.09215	0.311847	-2.00824
10	-11	8	23	23	44.9502	1.24012	0.780871
11	22	8	23	1	30.4921	0.132047	-2.79224
12	11	9	11	1	5.08542	0.312034	-2.01348
13	22	9	11	1	0.0545393	1.08348	0.254935
14	-11	10	-11	1	44.9059	1.24012	0.780871
15	21	0	2212	71	6.70787	1.13293	-1.62323
16	21	0	2212	71	10.1544	0.998182	-1.78672
17	21	0	2212	71	5.15106	0.793437	0.790067
18	21	0	2212	71	5.5479	-1.9185	-1.05783
19	2212	0	2212	1	0.411619	3.99744	1.06641
20	2212	0	2212	1	0.844199	1.8895	-0.791266
21	2212	0	2212	1	0.467232	-9.5341	-2.18417
22	2212	0	2212	1	0.82755	3.19534	1.78382
23	310	0	2212	1	1.25036	2.11322	-1.7903
24	310	0	2212	1	2.11173	0.951033	-1.67294
25	310	0	2212	1	1.56118	1.22705	1.09263
REle1Pt: 42.1201 REle1Eta: 1.24033 REle1Phi: 0.781137 REle2Pt: 29.7086 REle2Eta: 0.132405 REle2Phi: -2.79038
El1Idx: 14 El1Type: 1 El2Idx: -1 El2Type: -5
PhoIdx1: -1 PhoIdx2: 11
===============================================================
 ( INFO  )  Feb2018_Sihyuns... : Processing entry 29000/1732253
=========================================================
truth size = 61
Idx	PID	MIdx	MPID	GenSt	pt	eta	phi
 (WARNING)  TVector3::Pseud... : transvers momentum = 0! return +/- 10e10
2	21	0	2212	21	0	-1e+11	0
 (WARNING)  TVector3::Pseud... : transvers momentum = 0! return +/- 10e10
3	4	1	2212	21	0	-1e+11	0
4	23	2	21	22	48.3349	1.39223	0.784936
5	22	2	21	23	49.2417	-0.378764	-1.13692
6	4	2	21	23	55.8931	2.78018	2.9523
7	23	4	23	44	64.265	1.27424	0.557007
8	4	6	4	44	54.4299	2.72671	2.94741
9	-4	1	2212	43	52.6883	-1.76609	3.13233
10	23	7	23	44	64.1469	1.3382	0.590501
11	4	8	4	44	59.6527	2.68533	2.86895
12	-4	9	-4	44	52.7327	-1.71668	3.1312
13	4	11	4	51	54.3244	2.71717	-2.93138
14	-4	12	-4	52	50.0963	-1.71667	3.1312
15	23	10	23	44	65.5389	1.33354	0.609414
16	4	13	4	44	54.2608	2.71539	-2.93376
17	-4	14	-4	44	48.6859	-1.74584	2.90641
18	23	15	23	44	62.9061	1.37478	0.62841
19	4	16	4	44	62.824	2.56949	-2.93687
20	-4	17	-4	44	48.767	-1.74687	2.90715
21	4	19	4	51	54.5744	2.46154	-2.72364
22	-4	20	-4	51	33.5055	-1.93739	2.8289
23	23	18	23	44	63.0466	1.37258	0.648218
24	4	21	4	44	54.9617	2.45448	-2.77593
25	-4	22	-4	44	33.5217	-1.93787	2.82846
26	-4	25	-4	52	31.4197	-1.93754	2.82869
27	-4	26	-4	52	30.4692	-1.9373	2.82885
28	4	24	4	52	53.014	2.45452	-2.77596
29	-4	27	-4	52	29.4624	-1.93706	2.82896
30	23	23	23	44	63.0444	1.37262	0.647901
31	22	5	22	44	65.9856	-0.0266676	-0.68468
32	4	28	4	44	53.0063	2.45467	-2.77513
33	-4	29	-4	44	29.4622	-1.93705	2.82897
34	-4	33	-4	52	29.4621	-1.93705	2.82897
35	23	30	23	62	63.137	1.37128	0.646447
36	11	31	22	1	57.28	-0.0260364	-0.685416
37	4	32	4	62	52.7734	2.45903	-2.77258
38	-4	34	-4	62	29.4195	-1.93837	2.82824
39	22	11	4	1	29.0913	0.634116	1.83034
40	-11	31	22	1	8.74002	-0.0324513	-0.676946
41	11	35	23	23	82.3319	0.729826	0.438862
42	-11	35	23	23	24.3237	1.48278	3.01598
43	-11	42	-11	1	16.877	1.48288	3.01605
44	22	42	-11	1	7.44664	1.48257	3.01585
45	11	41	11	1	82.3319	0.729826	0.438862
46	4	37	4	71	52.7734	2.45903	-2.77258
47	21	19	4	71	7.63113	2.31854	2.25445
48	21	0	2212	71	7.09258	0.271208	-1.50275
49	421	0	2212	2	39.9863	2.45764	-2.77538
50	2212	0	2212	1	6.3693	2.49583	-2.91202
51	2	0	2212	71	0.654545	5.38533	0.0685762
52	21	1	2212	71	5.56625	-6.05616	-1.53455
53	21	20	-4	71	7.16265	-1.69236	3.0133
54	21	20	-4	71	5.14301	-1.52759	2.88792
55	-4	38	-4	71	29.4195	-1.93837	2.82824
56	-411	0	2212	2	13.0025	-1.91493	2.82812
57	2212	0	2212	1	0.329596	2.62936	0.304573
58	2212	0	2212	1	1.18555	7.56384	2.27695
59	13	56	-411	1	4.85015	-1.92753	2.77608
60	-14	56	-411	1	2.09671	-1.74654	2.63486
REle1Pt: 80.862 REle1Eta: 0.72969 REle1Phi: 0.438904 REle2Pt: 65.225 REle2Eta: -0.0263545 REle2Phi: -0.685642
El1Idx: 45 El1Type: 1 El2Idx: 36 El2Type: 5
PhoIdx1: -1 PhoIdx2: -1
===============================================================
 ( INFO  )  LQCycleController  : Execute time = 40.96 s
 ( INFO  )  Feb2018_Sihyuns... : In EndCycle
 ( INFO  )  Feb2018_Sihyuns... : Closing output file  /data2/CAT_SKTreeOutput/jbhyun/SKZGto2LG_trilep_251640_cms.snu.ac.kr/output_tmp/SKZGto2LG_trilep_cat_v8-0-7_1.root
 ( INFO  )  LQCycleController  : Number of event processed = 30000
 ( INFO  )  LQCycleController  : Number of event skipped = 0
Processing sample ZGto2LG_v8-0-7.39 for the first time
[?1034h%%%%%%%%%%%%%%%%%%%%%%%%%%%%%%%%%%%%%%%%%%%%%%%%%%%%%%%%%%%%%%%%%%%%%%%%%%%%%%
skflag = NULL
%%%%%%%%%%%%%%%%%%%%%%%%%%%%%%%%%%%%%%%%%%%%%%%%%%%%%%%%%%%%%%%%%%%%%%%%%%%%%%
Running : Feb2018_SihyunsProblem
%%%%%%%%%%%%%%%%%%%%%%%%%%%%%%%%%%%%%%%%%%%%%%%%%%%%%%%%%%%%%%%%%%%%%%%%%%%%%%
Using SKTrees as input.

running_batch = False  (default if njobs = 1)
Running standard root interactive job:
Setting ncores to max if sktreemaker
number_of_cores  = 1
Input sample = SKZGto2LG_trilep
Using CAT v8-0-7 ntuples
Using /data2/Users/jbhyun/cmssw/CATanalyzer/CATanalyzer_13TeV_807/LQRun//txt/datasets_snu_nonsig_CAT_mc_v8-0-7.txt
Running on MC
Input directory= /data2/CatNtuples/v8-0-7/SKTrees/MCTriLep/ZGto2LG/
number_of_files = 105
Splitting job into 1 subjobs
Making tmp working directory to run Job  : /data2/CAT_SKTreeOutput/jbhyun/SKZGto2LG_trilep_251640_cms.snu.ac.kr/
Making tmp merge dir /data8/DATA/CAT_SKTreeOutput/jbhyun/SKZGto2LG_trilep_251640_cms.snu.ac.kr/
%%%%%%%%%%%%%%%%%%%%%%%%%%%%%%%%%%%%%%%%%%%%%%%%%%%%%%%%%%%%%%%%%%%%%%%%%%%%%%%%%%%%
Running single job /data2/CAT_SKTreeOutput/jbhyun/SKZGto2LG_trilep_251640_cms.snu.ac.kr/Job_1/runJob_1.C
Checking Job status:
not doing merge
Log files are sent to  --> /data2/CAT_SKTreeOutput/JobOutPut/jbhyun/LQanalyzer/data/logfiles//SKZGto2LG_trilep_cat_v8-0-7
All sampless finished: OutFiles SKZGto2LG_trilep_cat_v8-0-7_1.root -->/data2/Users/jbhyun/cmssw/CATanalyzer/CATanalyzer_13TeV_807/LQAnalysis/Analyzers/Feb2018_SihyunsProblem_SKZGto2LG_trilep_cat_v8-0-7.root
Using 1 cores: Job time = 46.020359993 s

time 46.020359993
job_time  0
start_running_time 0.0
last_job_time 0
mv /data1/LQAnalyzer_rootfiles_for_analysis/CATAnalyzerStatistics/jbhyun/26750/statlog_timetmp_ZGto2LG26750.txt /data1/LQAnalyzer_rootfiles_for_analysis/CATAnalyzerStatistics/jbhyun/26750/statlog_time_ZGto2LG26750.txt
python /data2/Users/jbhyun/cmssw/CATanalyzer/CATanalyzer_13TeV_807/python/StatFile.py -x 26750 -s ZGto2LG -n 1
